DEBUG:paramiko.transport:starting thread (client mode): 0x631929a0
DEBUG:paramiko.transport:Local version/idstring: SSH-2.0-paramiko_2.6.0
DEBUG:paramiko.transport:Remote version/idstring: SSH-2.0--
INFO:paramiko.transport:Connected (version 2.0, client -)
DEBUG:paramiko.transport:kex algos:['diffie-hellman-group16-sha512', 'diffie-hellman-group15-sha512', 'diffie-hellman-group14-sha256', 'diffie-hellman-group-exchange-sha256', 'diffie-hellman-group-exchange-sha1', 'diffie-hellman-group14-sha1'] server key:['ecdsa-sha2-nistp521', 'ssh-dss', 'ssh-rsa'] client encrypt:['aes256-ctr', 'aes128-ctr', 'aes256-cbc', 'aes128-cbc', '3des-cbc'] server encrypt:['aes256-ctr', 'aes128-ctr', 'aes256-cbc', 'aes128-cbc', '3des-cbc'] client mac:['hmac-sha2-256', 'hmac-sha2-256-96', 'hmac-sha1', 'hmac-sha1-96', 'hmac-md5', 'hmac-md5-96'] server mac:['hmac-sha2-256', 'hmac-sha2-256-96', 'hmac-sha1', 'hmac-sha1-96', 'hmac-md5', 'hmac-md5-96'] client compress:['none', 'zlib'] server compress:['none', 'zlib'] client lang:[''] server lang:[''] kex follows?False
DEBUG:paramiko.transport:Kex agreed: diffie-hellman-group16-sha512
DEBUG:paramiko.transport:HostKey agreed: ecdsa-sha2-nistp521
DEBUG:paramiko.transport:Cipher agreed: aes128-ctr
DEBUG:paramiko.transport:MAC agreed: hmac-sha2-256
DEBUG:paramiko.transport:Compression agreed: none
DEBUG:paramiko.transport:kex engine KexGroup16SHA512 specified hash_algo <built-in function openssl_sha512>
DEBUG:paramiko.transport:Switch to new keys ...
DEBUG:paramiko.transport:Adding ecdsa-sha2-nistp521 host key for 10.165.240.214: b'9054e46ee78a2cd48af03a6582251a2e'
DEBUG:paramiko.transport:userauth is OK
INFO:paramiko.transport:Authentication (password) successful!
DEBUG:paramiko.transport:[chan 0] Max packet in: 32768 bytes
DEBUG:paramiko.transport:[chan 0] Max packet out: 32768 bytes
DEBUG:paramiko.transport:Secsh channel 0 opened.
DEBUG:paramiko.transport:[chan 0] Sesch channel 0 request ok
DEBUG:paramiko.transport:[chan 0] Sesch channel 0 request ok
DEBUG:netmiko:Pattern is: ((Change now|Please choose))|([\]>]\s*$)
DEBUG:netmiko:_read_channel_expect read_data: 
Info: The max number of VTY users is 10, and the number
      of current VTY users on line is 1.
DEBUG:netmiko:_read_channel_expect read_data: 
      The current login time is 2021-07-29 18:08:42-03:00.
Info: Smart-upgrade is currently disabled. Enable Smart-upgrade to get recommended version information.
<CE-CRT-E01-BKB-SW001>
DEBUG:netmiko:Pattern found: ((Change now|Please choose))|([\]>]\s*$) 
Info: The max number of VTY users is 10, and the number
      of current VTY users on line is 1.
      The current login time is 2021-07-29 18:08:42-03:00.
Info: Smart-upgrade is currently disabled. Enable Smart-upgrade to get recommended version information.
<CE-CRT-E01-BKB-SW001>
DEBUG:netmiko:write_channel: b'N\n'
DEBUG:netmiko:read_channel: 
DEBUG:netmiko:read_channel: N
                        ^
Error:Incomplete command found at '^' position.
<CE-CRT-E01-BKB-SW001>
DEBUG:netmiko:read_channel: 
DEBUG:netmiko:read_channel: 
DEBUG:netmiko:read_channel: 
DEBUG:netmiko:write_channel: b'\n'
DEBUG:netmiko:read_channel: 
<CE-CRT-E01-BKB-SW001>
DEBUG:netmiko:prompt: CE-CRT-E01-BKB-SW001
DEBUG:netmiko:In disable_paging
DEBUG:netmiko:Command: screen-length 0 temporary

DEBUG:netmiko:write_channel: b'screen-length 0 temporary\n'
DEBUG:netmiko:Pattern is: screen\-length\ 0\ temporary
DEBUG:netmiko:_read_channel_expect read_data: s
DEBUG:netmiko:_read_channel_expect read_data: creen-l
DEBUG:netmiko:_read_channel_expect read_data: ength 
DEBUG:netmiko:_read_channel_expect read_data: 0 tempo
DEBUG:netmiko:_read_channel_expect read_data: rary
DEBUG:netmiko:Pattern found: screen\-length\ 0\ temporary screen-length 0 temporary
DEBUG:netmiko:screen-length 0 temporary
DEBUG:netmiko:Exiting disable_paging
DEBUG:netmiko:read_channel: 
Info: The configuration takes effect on the current user terminal interface only.
<CE-CRT-E01-BKB-SW001>
DEBUG:netmiko:Clear buffer detects data in the channel
DEBUG:netmiko:read_channel: 
DEBUG:netmiko:read_channel: 
DEBUG:netmiko:write_channel: b'\n'
DEBUG:netmiko:read_channel: 
<CE-CRT-E01-BKB-SW001>
DEBUG:netmiko:read_channel: 
DEBUG:netmiko:[find_prompt()]: prompt is <CE-CRT-E01-BKB-SW001>
DEBUG:netmiko:write_channel: b'\n'
DEBUG:netmiko:read_channel: 
<CE-CRT-E01-BKB-SW001>
DEBUG:netmiko:read_channel: 
DEBUG:netmiko:read_channel: 
DEBUG:netmiko:write_channel: b'system-view\n'
DEBUG:netmiko:Pattern is: system\-view
DEBUG:netmiko:_read_channel_expect read_data: s
DEBUG:netmiko:_read_channel_expect read_data: ystem-
DEBUG:netmiko:_read_channel_expect read_data: view
Enter system view, return user view with Ctrl+Z.
DEBUG:netmiko:Pattern found: system\-view system-view
Enter system view, return user view with Ctrl+Z.
DEBUG:netmiko:Pattern is: CE\-CRT\-E01\-BKB\-S
DEBUG:netmiko:_read_channel_expect read_data: 
[CE-CRT-E01-BKB-SW001]
DEBUG:netmiko:Pattern found: CE\-CRT\-E01\-BKB\-S 
[CE-CRT-E01-BKB-SW001]
DEBUG:netmiko:write_channel: b'\n'
DEBUG:netmiko:read_channel: 
[CE-CRT-E01-BKB-SW001]
DEBUG:netmiko:read_channel: 
DEBUG:netmiko:read_channel: 
DEBUG:netmiko:write_channel: b'snmp-agent udp-port 1030\ny\n'
DEBUG:netmiko:Pattern is: snmp\-agent\ udp\-port\ 1030\
y
DEBUG:netmiko:_read_channel_expect read_data: s
DEBUG:netmiko:_read_channel_expect read_data: nmp-ag
DEBUG:netmiko:_read_channel_expect read_data: ent udp
DEBUG:netmiko:_read_channel_expect read_data: -port 
DEBUG:netmiko:_read_channel_expect read_data: 1030
DEBUG:netmiko:_read_channel_expect read_data: 
Info: The port is already bound to SNMP agent.
DEBUG:netmiko:_read_channel_expect read_data: 
[CE-CRT-E01-BKB-SW001]y
DEBUG:netmiko:_read_channel_expect read_data: 
                      ^
Error: Unrecognized command found at '^' position.
DEBUG:netmiko:_read_channel_expect read_data: 
[CE-CRT-E01-BKB-SW001]
DEBUG:paramiko.transport:starting thread (client mode): 0xe62ce9a0
DEBUG:paramiko.transport:Local version/idstring: SSH-2.0-paramiko_2.6.0
DEBUG:paramiko.transport:Remote version/idstring: SSH-2.0--
INFO:paramiko.transport:Connected (version 2.0, client -)
DEBUG:paramiko.transport:kex algos:['diffie-hellman-group16-sha512', 'diffie-hellman-group15-sha512', 'diffie-hellman-group14-sha256', 'diffie-hellman-group-exchange-sha256', 'diffie-hellman-group-exchange-sha1', 'diffie-hellman-group14-sha1'] server key:['ecdsa-sha2-nistp521', 'ssh-dss', 'ssh-rsa'] client encrypt:['aes256-ctr', 'aes128-ctr', 'aes256-cbc', 'aes128-cbc', '3des-cbc'] server encrypt:['aes256-ctr', 'aes128-ctr', 'aes256-cbc', 'aes128-cbc', '3des-cbc'] client mac:['hmac-sha2-256', 'hmac-sha2-256-96', 'hmac-sha1', 'hmac-sha1-96', 'hmac-md5', 'hmac-md5-96'] server mac:['hmac-sha2-256', 'hmac-sha2-256-96', 'hmac-sha1', 'hmac-sha1-96', 'hmac-md5', 'hmac-md5-96'] client compress:['none', 'zlib'] server compress:['none', 'zlib'] client lang:[''] server lang:[''] kex follows?False
DEBUG:paramiko.transport:Kex agreed: diffie-hellman-group16-sha512
DEBUG:paramiko.transport:HostKey agreed: ecdsa-sha2-nistp521
DEBUG:paramiko.transport:Cipher agreed: aes128-ctr
DEBUG:paramiko.transport:MAC agreed: hmac-sha2-256
DEBUG:paramiko.transport:Compression agreed: none
DEBUG:paramiko.transport:kex engine KexGroup16SHA512 specified hash_algo <built-in function openssl_sha512>
DEBUG:paramiko.transport:Switch to new keys ...
DEBUG:paramiko.transport:Adding ecdsa-sha2-nistp521 host key for 10.165.240.214: b'9054e46ee78a2cd48af03a6582251a2e'
DEBUG:paramiko.transport:userauth is OK
INFO:paramiko.transport:Authentication (password) successful!
DEBUG:paramiko.transport:[chan 0] Max packet in: 32768 bytes
DEBUG:paramiko.transport:[chan 0] Max packet out: 32768 bytes
DEBUG:paramiko.transport:Secsh channel 0 opened.
DEBUG:paramiko.transport:[chan 0] Sesch channel 0 request ok
DEBUG:paramiko.transport:[chan 0] Sesch channel 0 request ok
DEBUG:netmiko:Pattern is: ((Change now|Please choose))|([\]>]\s*$)
DEBUG:netmiko:_read_channel_expect read_data: 
Info: The max number of VTY users is 10, and the number
      of current VTY users on line is 1.
DEBUG:netmiko:_read_channel_expect read_data: 
      The current login time is 2021-07-29 18:12:52-03:00.
Info: Smart-upgrade is currently disabled. Enable Smart-upgrade to get recommended version information.
<CE-CRT-E01-BKB-SW001>
DEBUG:netmiko:Pattern found: ((Change now|Please choose))|([\]>]\s*$) 
Info: The max number of VTY users is 10, and the number
      of current VTY users on line is 1.
      The current login time is 2021-07-29 18:12:52-03:00.
Info: Smart-upgrade is currently disabled. Enable Smart-upgrade to get recommended version information.
<CE-CRT-E01-BKB-SW001>
DEBUG:netmiko:write_channel: b'N\n'
DEBUG:netmiko:read_channel: N

DEBUG:netmiko:Clear buffer detects data in the channel
DEBUG:netmiko:read_channel:                         ^
Error:Incomplete command found at '^' position.
<CE-CRT-E01-BKB-SW001>
DEBUG:netmiko:Clear buffer detects data in the channel
DEBUG:netmiko:read_channel: 
DEBUG:netmiko:read_channel: 
DEBUG:netmiko:read_channel: 
DEBUG:netmiko:write_channel: b'\n'
DEBUG:netmiko:read_channel: 
<CE-CRT-E01-BKB-SW001>
DEBUG:netmiko:read_channel: 
DEBUG:netmiko:read_channel: 
DEBUG:netmiko:read_channel: 
DEBUG:netmiko:write_channel: b'\n'
DEBUG:netmiko:read_channel: 
<CE-CRT-E01-BKB-SW001>
DEBUG:netmiko:prompt: CE-CRT-E01-BKB-SW001
DEBUG:netmiko:In disable_paging
DEBUG:netmiko:Command: screen-length 0 temporary

DEBUG:netmiko:write_channel: b'screen-length 0 temporary\n'
DEBUG:netmiko:Pattern is: screen\-length\ 0\ temporary
DEBUG:netmiko:_read_channel_expect read_data: s
DEBUG:netmiko:_read_channel_expect read_data: creen-
DEBUG:netmiko:_read_channel_expect read_data: length 
DEBUG:netmiko:_read_channel_expect read_data: 0 temp
DEBUG:netmiko:_read_channel_expect read_data: orary
DEBUG:netmiko:Pattern found: screen\-length\ 0\ temporary screen-length 0 temporary
DEBUG:netmiko:screen-length 0 temporary
DEBUG:netmiko:Exiting disable_paging
DEBUG:netmiko:read_channel: 
Info: The configuration takes effect on the current user terminal interface only.
<CE-CRT-E01-BKB-SW001>
DEBUG:netmiko:Clear buffer detects data in the channel
DEBUG:netmiko:read_channel: 
DEBUG:netmiko:read_channel: 
DEBUG:netmiko:write_channel: b'\n'
DEBUG:netmiko:read_channel: 
<CE-CRT-E01-BKB-SW001>
DEBUG:netmiko:read_channel: 
DEBUG:netmiko:[find_prompt()]: prompt is <CE-CRT-E01-BKB-SW001>
DEBUG:netmiko:write_channel: b'\n'
DEBUG:netmiko:read_channel: 
<CE-CRT-E01-BKB-SW001>
DEBUG:netmiko:read_channel: 
DEBUG:netmiko:read_channel: 
DEBUG:netmiko:write_channel: b'system-view\n'
DEBUG:netmiko:Pattern is: system\-view
DEBUG:netmiko:_read_channel_expect read_data: s
DEBUG:netmiko:_read_channel_expect read_data: ystem-
DEBUG:netmiko:_read_channel_expect read_data: view
Enter system view, return user view with Ctrl+Z.
DEBUG:netmiko:Pattern found: system\-view system-view
Enter system view, return user view with Ctrl+Z.
DEBUG:netmiko:Pattern is: CE\-CRT\-E01\-BKB\-S
DEBUG:netmiko:_read_channel_expect read_data: 
[CE-CRT-E01-BKB-SW001]
DEBUG:netmiko:Pattern found: CE\-CRT\-E01\-BKB\-S 
[CE-CRT-E01-BKB-SW001]
DEBUG:netmiko:write_channel: b'\n'
DEBUG:netmiko:read_channel: 
[CE-CRT-E01-BKB-SW001]
DEBUG:netmiko:read_channel: 
DEBUG:netmiko:read_channel: 
DEBUG:netmiko:write_channel: b'dis cur | in snmp-agent udp-port\n'
DEBUG:netmiko:Pattern is: dis\ cur\ \|\ in\ snmp\-agent\ udp\-port
DEBUG:netmiko:_read_channel_expect read_data: d
DEBUG:netmiko:_read_channel_expect read_data: is cur 
DEBUG:netmiko:_read_channel_expect read_data: | in s
DEBUG:netmiko:_read_channel_expect read_data: nmp-ag
DEBUG:netmiko:_read_channel_expect read_data: ent udp
DEBUG:netmiko:_read_channel_expect read_data: -port
DEBUG:netmiko:Pattern found: dis\ cur\ \|\ in\ snmp\-agent\ udp\-port dis cur | in snmp-agent udp-port
DEBUG:netmiko:Pattern is: (?:CE\-CRT\-E01\-BKB\-SW001|#)
DEBUG:netmiko:_read_channel_expect read_data: 
snmp-agent udp-port 1030
DEBUG:netmiko:_read_channel_expect read_data: 
[CE-CRT-E01-BKB-SW001]
DEBUG:netmiko:Pattern found: (?:CE\-CRT\-E01\-BKB\-SW001|#) 
snmp-agent udp-port 1030
[CE-CRT-E01-BKB-SW001]
DEBUG:netmiko:write_channel: b'snmp-agent udp-port 1030\ny\n'
DEBUG:netmiko:Pattern is: snmp\-agent\ udp\-port\ 1030\
y
DEBUG:netmiko:_read_channel_expect read_data: s
DEBUG:netmiko:_read_channel_expect read_data: nmp-ag
DEBUG:netmiko:_read_channel_expect read_data: ent udp
DEBUG:netmiko:_read_channel_expect read_data: -port 
DEBUG:netmiko:_read_channel_expect read_data: 1030
DEBUG:netmiko:_read_channel_expect read_data: 
Info: The port is already bound to SNMP agent.
DEBUG:netmiko:_read_channel_expect read_data: 
[CE-CRT-E01-BKB-SW001]y
                      ^
DEBUG:netmiko:_read_channel_expect read_data: 
Error: Unrecognized command found at '^' position.
[CE-CRT-E01-BKB-SW001]
DEBUG:paramiko.transport:starting thread (client mode): 0xa59ea9a0
DEBUG:paramiko.transport:Local version/idstring: SSH-2.0-paramiko_2.6.0
DEBUG:paramiko.transport:Remote version/idstring: SSH-2.0--
INFO:paramiko.transport:Connected (version 2.0, client -)
DEBUG:paramiko.transport:kex algos:['diffie-hellman-group16-sha512', 'diffie-hellman-group15-sha512', 'diffie-hellman-group14-sha256', 'diffie-hellman-group-exchange-sha256', 'diffie-hellman-group-exchange-sha1', 'diffie-hellman-group14-sha1'] server key:['ecdsa-sha2-nistp521', 'ssh-dss', 'ssh-rsa'] client encrypt:['aes256-ctr', 'aes128-ctr', 'aes256-cbc', 'aes128-cbc', '3des-cbc'] server encrypt:['aes256-ctr', 'aes128-ctr', 'aes256-cbc', 'aes128-cbc', '3des-cbc'] client mac:['hmac-sha2-256', 'hmac-sha2-256-96', 'hmac-sha1', 'hmac-sha1-96', 'hmac-md5', 'hmac-md5-96'] server mac:['hmac-sha2-256', 'hmac-sha2-256-96', 'hmac-sha1', 'hmac-sha1-96', 'hmac-md5', 'hmac-md5-96'] client compress:['none', 'zlib'] server compress:['none', 'zlib'] client lang:[''] server lang:[''] kex follows?False
DEBUG:paramiko.transport:Kex agreed: diffie-hellman-group16-sha512
DEBUG:paramiko.transport:HostKey agreed: ecdsa-sha2-nistp521
DEBUG:paramiko.transport:Cipher agreed: aes128-ctr
DEBUG:paramiko.transport:MAC agreed: hmac-sha2-256
DEBUG:paramiko.transport:Compression agreed: none
DEBUG:paramiko.transport:kex engine KexGroup16SHA512 specified hash_algo <built-in function openssl_sha512>
DEBUG:paramiko.transport:Switch to new keys ...
DEBUG:paramiko.transport:Adding ecdsa-sha2-nistp521 host key for 10.165.240.214: b'9054e46ee78a2cd48af03a6582251a2e'
DEBUG:paramiko.transport:userauth is OK
INFO:paramiko.transport:Authentication (password) successful!
DEBUG:paramiko.transport:[chan 0] Max packet in: 32768 bytes
DEBUG:paramiko.transport:[chan 0] Max packet out: 32768 bytes
DEBUG:paramiko.transport:Secsh channel 0 opened.
DEBUG:paramiko.transport:[chan 0] Sesch channel 0 request ok
DEBUG:paramiko.transport:[chan 0] Sesch channel 0 request ok
DEBUG:netmiko:Pattern is: ((Change now|Please choose))|([\]>]\s*$)
DEBUG:netmiko:_read_channel_expect read_data: 
Info: The max number of VTY users is 10, and the number
      of current VTY users on line is 1.
DEBUG:netmiko:_read_channel_expect read_data: 
      The current login time is 2021-07-29 18:13:50-03:00.
Info: Smart-upgrade is currently disabled. Enable Smart-upgrade to get recommended version information.
<CE-CRT-E01-BKB-SW001>
DEBUG:netmiko:Pattern found: ((Change now|Please choose))|([\]>]\s*$) 
Info: The max number of VTY users is 10, and the number
      of current VTY users on line is 1.
      The current login time is 2021-07-29 18:13:50-03:00.
Info: Smart-upgrade is currently disabled. Enable Smart-upgrade to get recommended version information.
<CE-CRT-E01-BKB-SW001>
DEBUG:netmiko:write_channel: b'N\n'
DEBUG:netmiko:read_channel: N

DEBUG:netmiko:Clear buffer detects data in the channel
DEBUG:netmiko:read_channel:                         ^
Error:Incomplete command found at '^' position.
<CE-CRT-E01-BKB-SW001>
DEBUG:netmiko:Clear buffer detects data in the channel
DEBUG:netmiko:read_channel: 
DEBUG:netmiko:read_channel: 
DEBUG:netmiko:read_channel: 
DEBUG:netmiko:write_channel: b'\n'
DEBUG:netmiko:read_channel: 
<CE-CRT-E01-BKB-SW001>
DEBUG:netmiko:read_channel: 
DEBUG:netmiko:read_channel: 
DEBUG:netmiko:read_channel: 
DEBUG:netmiko:write_channel: b'\n'
DEBUG:netmiko:read_channel: 
<CE-CRT-E01-BKB-SW001>
DEBUG:netmiko:prompt: CE-CRT-E01-BKB-SW001
DEBUG:netmiko:In disable_paging
DEBUG:netmiko:Command: screen-length 0 temporary

DEBUG:netmiko:write_channel: b'screen-length 0 temporary\n'
DEBUG:netmiko:Pattern is: screen\-length\ 0\ temporary
DEBUG:netmiko:_read_channel_expect read_data: s
DEBUG:netmiko:_read_channel_expect read_data: creen-
DEBUG:netmiko:_read_channel_expect read_data: length
DEBUG:netmiko:_read_channel_expect read_data:  0 temp
DEBUG:netmiko:_read_channel_expect read_data: orary
DEBUG:netmiko:Pattern found: screen\-length\ 0\ temporary screen-length 0 temporary
DEBUG:netmiko:screen-length 0 temporary
DEBUG:netmiko:Exiting disable_paging
DEBUG:netmiko:read_channel: 
Info: The configuration takes effect on the current user terminal interface only.
<CE-CRT-E01-BKB-SW001>
DEBUG:netmiko:Clear buffer detects data in the channel
DEBUG:netmiko:read_channel: 
DEBUG:netmiko:read_channel: 
DEBUG:netmiko:write_channel: b'\n'
DEBUG:netmiko:read_channel: 
<CE-CRT-E01-BKB-SW001>
DEBUG:netmiko:read_channel: 
DEBUG:netmiko:[find_prompt()]: prompt is <CE-CRT-E01-BKB-SW001>
DEBUG:netmiko:write_channel: b'\n'
DEBUG:netmiko:read_channel: 
<CE-CRT-E01-BKB-SW001>
DEBUG:netmiko:read_channel: 
DEBUG:netmiko:read_channel: 
DEBUG:netmiko:write_channel: b'system-view\n'
DEBUG:netmiko:Pattern is: system\-view
DEBUG:netmiko:_read_channel_expect read_data: s
DEBUG:netmiko:_read_channel_expect read_data: ystem-
DEBUG:netmiko:_read_channel_expect read_data: view
Enter system view, return user view with Ctrl+Z.
DEBUG:netmiko:Pattern found: system\-view system-view
Enter system view, return user view with Ctrl+Z.
DEBUG:netmiko:Pattern is: CE\-CRT\-E01\-BKB\-S
DEBUG:netmiko:_read_channel_expect read_data: 
[CE-CRT-E01-BKB-SW001]
DEBUG:netmiko:Pattern found: CE\-CRT\-E01\-BKB\-S 
[CE-CRT-E01-BKB-SW001]
DEBUG:netmiko:write_channel: b'\n'
DEBUG:netmiko:read_channel: 
[CE-CRT-E01-BKB-SW001]
DEBUG:netmiko:read_channel: 
DEBUG:netmiko:read_channel: 
DEBUG:netmiko:write_channel: b'dis cur | in snmp-agent udp-port\n'
DEBUG:netmiko:Pattern is: dis\ cur\ \|\ in\ snmp\-agent\ udp\-port
DEBUG:netmiko:_read_channel_expect read_data: d
DEBUG:netmiko:_read_channel_expect read_data: is cur
DEBUG:netmiko:_read_channel_expect read_data:  | in s
DEBUG:netmiko:_read_channel_expect read_data: nmp-ag
DEBUG:netmiko:_read_channel_expect read_data: ent udp
DEBUG:netmiko:_read_channel_expect read_data: -port
DEBUG:netmiko:Pattern found: dis\ cur\ \|\ in\ snmp\-agent\ udp\-port dis cur | in snmp-agent udp-port
DEBUG:netmiko:Pattern is: (?:CE\-CRT\-E01\-BKB\-SW001|#)
DEBUG:netmiko:_read_channel_expect read_data: 
snmp-agent udp-port 1030
[CE-CRT-E01-BKB-SW001]
DEBUG:netmiko:Pattern found: (?:CE\-CRT\-E01\-BKB\-SW001|#) 
snmp-agent udp-port 1030
[CE-CRT-E01-BKB-SW001]
DEBUG:netmiko:write_channel: b'\n'
DEBUG:netmiko:read_channel: 
[CE-CRT-E01-BKB-SW001]
DEBUG:netmiko:read_channel: 
DEBUG:netmiko:read_channel: 
DEBUG:netmiko:write_channel: b'return\n'
DEBUG:netmiko:Pattern is: return
DEBUG:netmiko:_read_channel_expect read_data: r
DEBUG:netmiko:_read_channel_expect read_data: eturn
DEBUG:netmiko:Pattern found: return return
DEBUG:netmiko:Pattern is: >
DEBUG:netmiko:_read_channel_expect read_data: 
<CE-CRT-E01-BKB-SW001>
DEBUG:netmiko:Pattern found: > 
<CE-CRT-E01-BKB-SW001>
DEBUG:netmiko:write_channel: b'\n'
DEBUG:netmiko:read_channel: 
<CE-CRT-E01-BKB-SW001>
DEBUG:netmiko:read_channel: 
DEBUG:netmiko:read_channel: 
DEBUG:netmiko:exit_config_mode: return
<CE-CRT-E01-BKB-SW001>
DEBUG:netmiko:system-view
Enter system view, return user view with Ctrl+Z.
[CE-CRT-E01-BKB-SW001]dis cur | in snmp-agent udp-port
snmp-agent udp-port 1030
[CE-CRT-E01-BKB-SW001]return
<CE-CRT-E01-BKB-SW001>
DEBUG:netmiko:write_channel: b'exit\n'
DEBUG:paramiko.transport:starting thread (client mode): 0xefb099a0
DEBUG:paramiko.transport:Local version/idstring: SSH-2.0-paramiko_2.6.0
DEBUG:paramiko.transport:Remote version/idstring: SSH-2.0--
INFO:paramiko.transport:Connected (version 2.0, client -)
DEBUG:paramiko.transport:kex algos:['diffie-hellman-group16-sha512', 'diffie-hellman-group15-sha512', 'diffie-hellman-group14-sha256', 'diffie-hellman-group-exchange-sha256', 'diffie-hellman-group-exchange-sha1', 'diffie-hellman-group14-sha1'] server key:['ecdsa-sha2-nistp521', 'ssh-dss', 'ssh-rsa'] client encrypt:['aes256-ctr', 'aes128-ctr', 'aes256-cbc', 'aes128-cbc', '3des-cbc'] server encrypt:['aes256-ctr', 'aes128-ctr', 'aes256-cbc', 'aes128-cbc', '3des-cbc'] client mac:['hmac-sha2-256', 'hmac-sha2-256-96', 'hmac-sha1', 'hmac-sha1-96', 'hmac-md5', 'hmac-md5-96'] server mac:['hmac-sha2-256', 'hmac-sha2-256-96', 'hmac-sha1', 'hmac-sha1-96', 'hmac-md5', 'hmac-md5-96'] client compress:['none', 'zlib'] server compress:['none', 'zlib'] client lang:[''] server lang:[''] kex follows?False
DEBUG:paramiko.transport:Kex agreed: diffie-hellman-group16-sha512
DEBUG:paramiko.transport:HostKey agreed: ecdsa-sha2-nistp521
DEBUG:paramiko.transport:Cipher agreed: aes128-ctr
DEBUG:paramiko.transport:MAC agreed: hmac-sha2-256
DEBUG:paramiko.transport:Compression agreed: none
DEBUG:paramiko.transport:kex engine KexGroup16SHA512 specified hash_algo <built-in function openssl_sha512>
DEBUG:paramiko.transport:Switch to new keys ...
DEBUG:paramiko.transport:Adding ecdsa-sha2-nistp521 host key for 10.165.240.214: b'9054e46ee78a2cd48af03a6582251a2e'
DEBUG:paramiko.transport:userauth is OK
INFO:paramiko.transport:Authentication (password) successful!
DEBUG:paramiko.transport:[chan 0] Max packet in: 32768 bytes
DEBUG:paramiko.transport:[chan 0] Max packet out: 32768 bytes
DEBUG:paramiko.transport:Secsh channel 0 opened.
DEBUG:paramiko.transport:[chan 0] Sesch channel 0 request ok
DEBUG:paramiko.transport:[chan 0] Sesch channel 0 request ok
DEBUG:netmiko:Pattern is: ((Change now|Please choose))|([\]>]\s*$)
DEBUG:netmiko:_read_channel_expect read_data: 
Info: The max number of VTY users is 10, and the number
      of current VTY users on line is 1.
DEBUG:netmiko:_read_channel_expect read_data: 
      The current login time is 2021-07-29 18:15:08-03:00.
Info: Smart-upgrade is currently disabled. Enable Smart-upgrade to get recommended version information.
<CE-CRT-E01-BKB-SW001>
DEBUG:netmiko:Pattern found: ((Change now|Please choose))|([\]>]\s*$) 
Info: The max number of VTY users is 10, and the number
      of current VTY users on line is 1.
      The current login time is 2021-07-29 18:15:08-03:00.
Info: Smart-upgrade is currently disabled. Enable Smart-upgrade to get recommended version information.
<CE-CRT-E01-BKB-SW001>
DEBUG:netmiko:write_channel: b'N\n'
DEBUG:netmiko:read_channel: N
DEBUG:netmiko:Clear buffer detects data in the channel
DEBUG:netmiko:read_channel: 
                        ^
Error:Incomplete command found at '^' position.
<CE-CRT-E01-BKB-SW001>
DEBUG:netmiko:Clear buffer detects data in the channel
DEBUG:netmiko:read_channel: 
DEBUG:netmiko:read_channel: 
DEBUG:netmiko:read_channel: 
DEBUG:netmiko:write_channel: b'\n'
DEBUG:netmiko:read_channel: 
<CE-CRT-E01-BKB-SW001>
DEBUG:netmiko:read_channel: 
DEBUG:netmiko:read_channel: 
DEBUG:netmiko:read_channel: 
DEBUG:netmiko:write_channel: b'\n'
DEBUG:netmiko:read_channel: 
<CE-CRT-E01-BKB-SW001>
DEBUG:netmiko:prompt: CE-CRT-E01-BKB-SW001
DEBUG:netmiko:In disable_paging
DEBUG:netmiko:Command: screen-length 0 temporary

DEBUG:netmiko:write_channel: b'screen-length 0 temporary\n'
DEBUG:netmiko:Pattern is: screen\-length\ 0\ temporary
DEBUG:netmiko:_read_channel_expect read_data: s
DEBUG:netmiko:_read_channel_expect read_data: creen-
DEBUG:netmiko:_read_channel_expect read_data: length 
DEBUG:netmiko:_read_channel_expect read_data: 0 temp
DEBUG:netmiko:_read_channel_expect read_data: orary
DEBUG:netmiko:Pattern found: screen\-length\ 0\ temporary screen-length 0 temporary
DEBUG:netmiko:screen-length 0 temporary
DEBUG:netmiko:Exiting disable_paging
DEBUG:netmiko:read_channel: 
Info: The configuration takes effect on the current user terminal interface only.
<CE-CRT-E01-BKB-SW001>
DEBUG:netmiko:Clear buffer detects data in the channel
DEBUG:netmiko:read_channel: 
DEBUG:netmiko:read_channel: 
DEBUG:netmiko:write_channel: b'\n'
DEBUG:netmiko:read_channel: 
<CE-CRT-E01-BKB-SW001>
DEBUG:netmiko:read_channel: 
DEBUG:netmiko:[find_prompt()]: prompt is <CE-CRT-E01-BKB-SW001>
DEBUG:netmiko:write_channel: b'\n'
DEBUG:netmiko:read_channel: 
<CE-CRT-E01-BKB-SW001>
DEBUG:netmiko:read_channel: 
DEBUG:netmiko:read_channel: 
DEBUG:netmiko:write_channel: b'system-view\n'
DEBUG:netmiko:Pattern is: system\-view
DEBUG:netmiko:_read_channel_expect read_data: s
DEBUG:netmiko:_read_channel_expect read_data: ystem-
DEBUG:netmiko:_read_channel_expect read_data: view
Enter system view, return user view with Ctrl+Z.
DEBUG:netmiko:Pattern found: system\-view system-view
Enter system view, return user view with Ctrl+Z.
DEBUG:netmiko:Pattern is: CE\-CRT\-E01\-BKB\-S
DEBUG:netmiko:_read_channel_expect read_data: 
[CE-CRT-E01-BKB-SW001]
DEBUG:netmiko:Pattern found: CE\-CRT\-E01\-BKB\-S 
[CE-CRT-E01-BKB-SW001]
DEBUG:netmiko:write_channel: b'\n'
DEBUG:netmiko:read_channel: 
[CE-CRT-E01-BKB-SW001]
DEBUG:netmiko:read_channel: 
DEBUG:netmiko:read_channel: 
DEBUG:netmiko:write_channel: b'snmp-agent udp-port 1030\ny\n'
DEBUG:netmiko:Pattern is: snmp\-agent\ udp\-port\ 1030\
y
DEBUG:netmiko:_read_channel_expect read_data: s
DEBUG:netmiko:_read_channel_expect read_data: nmp-ag
DEBUG:netmiko:_read_channel_expect read_data: ent udp
DEBUG:netmiko:_read_channel_expect read_data: -port 
DEBUG:netmiko:_read_channel_expect read_data: 1030
DEBUG:netmiko:_read_channel_expect read_data: 
Info: The port is already bound to SNMP agent.
DEBUG:netmiko:_read_channel_expect read_data: 
[CE-CRT-E01-BKB-SW001]y
DEBUG:netmiko:_read_channel_expect read_data: 
                      ^
Error: Unrecognized command found at '^' position.
DEBUG:netmiko:_read_channel_expect read_data: 
[CE-CRT-E01-BKB-SW001]
DEBUG:paramiko.transport:starting thread (client mode): 0xf3d0c9a0
DEBUG:paramiko.transport:Local version/idstring: SSH-2.0-paramiko_2.6.0
DEBUG:paramiko.transport:Remote version/idstring: SSH-2.0--
INFO:paramiko.transport:Connected (version 2.0, client -)
DEBUG:paramiko.transport:kex algos:['diffie-hellman-group16-sha512', 'diffie-hellman-group15-sha512', 'diffie-hellman-group14-sha256', 'diffie-hellman-group-exchange-sha256', 'diffie-hellman-group-exchange-sha1', 'diffie-hellman-group14-sha1'] server key:['ecdsa-sha2-nistp521', 'ssh-dss', 'ssh-rsa'] client encrypt:['aes256-ctr', 'aes128-ctr', 'aes256-cbc', 'aes128-cbc', '3des-cbc'] server encrypt:['aes256-ctr', 'aes128-ctr', 'aes256-cbc', 'aes128-cbc', '3des-cbc'] client mac:['hmac-sha2-256', 'hmac-sha2-256-96', 'hmac-sha1', 'hmac-sha1-96', 'hmac-md5', 'hmac-md5-96'] server mac:['hmac-sha2-256', 'hmac-sha2-256-96', 'hmac-sha1', 'hmac-sha1-96', 'hmac-md5', 'hmac-md5-96'] client compress:['none', 'zlib'] server compress:['none', 'zlib'] client lang:[''] server lang:[''] kex follows?False
DEBUG:paramiko.transport:Kex agreed: diffie-hellman-group16-sha512
DEBUG:paramiko.transport:HostKey agreed: ecdsa-sha2-nistp521
DEBUG:paramiko.transport:Cipher agreed: aes128-ctr
DEBUG:paramiko.transport:MAC agreed: hmac-sha2-256
DEBUG:paramiko.transport:Compression agreed: none
DEBUG:paramiko.transport:kex engine KexGroup16SHA512 specified hash_algo <built-in function openssl_sha512>
DEBUG:paramiko.transport:Switch to new keys ...
DEBUG:paramiko.transport:Adding ecdsa-sha2-nistp521 host key for 10.165.240.214: b'9054e46ee78a2cd48af03a6582251a2e'
DEBUG:paramiko.transport:userauth is OK
INFO:paramiko.transport:Authentication (password) successful!
DEBUG:paramiko.transport:[chan 0] Max packet in: 32768 bytes
DEBUG:paramiko.transport:[chan 0] Max packet out: 32768 bytes
DEBUG:paramiko.transport:Secsh channel 0 opened.
DEBUG:paramiko.transport:[chan 0] Sesch channel 0 request ok
DEBUG:paramiko.transport:[chan 0] Sesch channel 0 request ok
DEBUG:netmiko:Pattern is: ((Change now|Please choose))|([\]>]\s*$)
DEBUG:netmiko:_read_channel_expect read_data: 
Info: The max number of VTY users is 10, and the number
      of current VTY users on line is 2.
DEBUG:netmiko:_read_channel_expect read_data: 
      The current login time is 2021-07-29 18:28:19-03:00.
Info: Smart-upgrade is currently disabled. Enable Smart-upgrade to get recommended version information.
<CE-CRT-E01-BKB-SW001>
DEBUG:netmiko:Pattern found: ((Change now|Please choose))|([\]>]\s*$) 
Info: The max number of VTY users is 10, and the number
      of current VTY users on line is 2.
      The current login time is 2021-07-29 18:28:19-03:00.
Info: Smart-upgrade is currently disabled. Enable Smart-upgrade to get recommended version information.
<CE-CRT-E01-BKB-SW001>
DEBUG:netmiko:write_channel: b'N\n'
DEBUG:netmiko:read_channel: N
DEBUG:netmiko:Clear buffer detects data in the channel
DEBUG:netmiko:read_channel: 
                        ^
Error:Incomplete command found at '^' position.
<CE-CRT-E01-BKB-SW001>
DEBUG:netmiko:Clear buffer detects data in the channel
DEBUG:netmiko:read_channel: 
DEBUG:netmiko:read_channel: 
DEBUG:netmiko:read_channel: 
DEBUG:netmiko:write_channel: b'\n'
DEBUG:netmiko:read_channel: 
<CE-CRT-E01-BKB-SW001>
DEBUG:netmiko:read_channel: 
DEBUG:netmiko:read_channel: 
DEBUG:netmiko:read_channel: 
DEBUG:netmiko:write_channel: b'\n'
DEBUG:netmiko:read_channel: 
<CE-CRT-E01-BKB-SW001>
DEBUG:netmiko:prompt: CE-CRT-E01-BKB-SW001
DEBUG:netmiko:In disable_paging
DEBUG:netmiko:Command: screen-length 0 temporary

DEBUG:netmiko:write_channel: b'screen-length 0 temporary\n'
DEBUG:netmiko:Pattern is: screen\-length\ 0\ temporary
DEBUG:netmiko:_read_channel_expect read_data: s
DEBUG:netmiko:_read_channel_expect read_data: creen-
DEBUG:netmiko:_read_channel_expect read_data: length 
DEBUG:netmiko:_read_channel_expect read_data: 0 temp
DEBUG:netmiko:_read_channel_expect read_data: orary
DEBUG:netmiko:Pattern found: screen\-length\ 0\ temporary screen-length 0 temporary
DEBUG:netmiko:screen-length 0 temporary
DEBUG:netmiko:Exiting disable_paging
DEBUG:netmiko:read_channel: 
Info: The configuration takes effect on the current user terminal interface only.
<CE-CRT-E01-BKB-SW001>
DEBUG:netmiko:Clear buffer detects data in the channel
DEBUG:netmiko:read_channel: 
DEBUG:netmiko:read_channel: 
DEBUG:netmiko:write_channel: b'\n'
DEBUG:netmiko:read_channel: 
<CE-CRT-E01-BKB-SW001>
DEBUG:netmiko:read_channel: 
DEBUG:netmiko:[find_prompt()]: prompt is <CE-CRT-E01-BKB-SW001>
DEBUG:netmiko:write_channel: b'\n'
DEBUG:netmiko:read_channel: 
<CE-CRT-E01-BKB-SW001>
DEBUG:netmiko:read_channel: 
DEBUG:netmiko:read_channel: 
DEBUG:netmiko:write_channel: b'system-view\n'
DEBUG:netmiko:Pattern is: system\-view
DEBUG:netmiko:_read_channel_expect read_data: s
DEBUG:netmiko:_read_channel_expect read_data: ystem-
DEBUG:netmiko:_read_channel_expect read_data: view
Enter system view, return user view with Ctrl+Z.
DEBUG:netmiko:Pattern found: system\-view system-view
Enter system view, return user view with Ctrl+Z.
DEBUG:netmiko:Pattern is: CE\-CRT\-E01\-BKB\-S
DEBUG:netmiko:_read_channel_expect read_data: 
[CE-CRT-E01-BKB-SW001]
DEBUG:netmiko:Pattern found: CE\-CRT\-E01\-BKB\-S 
[CE-CRT-E01-BKB-SW001]
DEBUG:netmiko:write_channel: b'\n'
DEBUG:netmiko:read_channel: 
[CE-CRT-E01-BKB-SW001]
DEBUG:netmiko:read_channel: 
DEBUG:netmiko:read_channel: 
DEBUG:netmiko:write_channel: b'snmp-agent udp-port 1026\ny\n'
DEBUG:netmiko:Pattern is: snmp\-agent\ udp\-port\ 1026\
y
DEBUG:netmiko:_read_channel_expect read_data: s
DEBUG:netmiko:_read_channel_expect read_data: nmp-age
DEBUG:netmiko:_read_channel_expect read_data: nt udp
DEBUG:netmiko:_read_channel_expect read_data: -port 
DEBUG:netmiko:_read_channel_expect read_data: 1026
DEBUG:netmiko:_read_channel_expect read_data: 
Info: The port is already bound to SNMP agent.
DEBUG:netmiko:_read_channel_expect read_data: 
[CE-CRT-E01-BKB-SW001]y
DEBUG:netmiko:_read_channel_expect read_data: 
                      ^
Error: Unrecognized command found at '^' position.
DEBUG:netmiko:_read_channel_expect read_data: 
[CE-CRT-E01-BKB-SW001]
DEBUG:paramiko.transport:starting thread (client mode): 0x224519a0
DEBUG:paramiko.transport:Local version/idstring: SSH-2.0-paramiko_2.6.0
DEBUG:paramiko.transport:Remote version/idstring: SSH-2.0--
INFO:paramiko.transport:Connected (version 2.0, client -)
DEBUG:paramiko.transport:kex algos:['diffie-hellman-group16-sha512', 'diffie-hellman-group15-sha512', 'diffie-hellman-group14-sha256', 'diffie-hellman-group-exchange-sha256', 'diffie-hellman-group-exchange-sha1', 'diffie-hellman-group14-sha1'] server key:['ecdsa-sha2-nistp521', 'ssh-dss', 'ssh-rsa'] client encrypt:['aes256-ctr', 'aes128-ctr', 'aes256-cbc', 'aes128-cbc', '3des-cbc'] server encrypt:['aes256-ctr', 'aes128-ctr', 'aes256-cbc', 'aes128-cbc', '3des-cbc'] client mac:['hmac-sha2-256', 'hmac-sha2-256-96', 'hmac-sha1', 'hmac-sha1-96', 'hmac-md5', 'hmac-md5-96'] server mac:['hmac-sha2-256', 'hmac-sha2-256-96', 'hmac-sha1', 'hmac-sha1-96', 'hmac-md5', 'hmac-md5-96'] client compress:['none', 'zlib'] server compress:['none', 'zlib'] client lang:[''] server lang:[''] kex follows?False
DEBUG:paramiko.transport:Kex agreed: diffie-hellman-group16-sha512
DEBUG:paramiko.transport:HostKey agreed: ecdsa-sha2-nistp521
DEBUG:paramiko.transport:Cipher agreed: aes128-ctr
DEBUG:paramiko.transport:MAC agreed: hmac-sha2-256
DEBUG:paramiko.transport:Compression agreed: none
DEBUG:paramiko.transport:kex engine KexGroup16SHA512 specified hash_algo <built-in function openssl_sha512>
DEBUG:paramiko.transport:Switch to new keys ...
DEBUG:paramiko.transport:Adding ecdsa-sha2-nistp521 host key for 10.165.240.214: b'9054e46ee78a2cd48af03a6582251a2e'
DEBUG:paramiko.transport:userauth is OK
INFO:paramiko.transport:Authentication (password) successful!
DEBUG:paramiko.transport:[chan 0] Max packet in: 32768 bytes
DEBUG:paramiko.transport:[chan 0] Max packet out: 32768 bytes
DEBUG:paramiko.transport:Secsh channel 0 opened.
DEBUG:paramiko.transport:[chan 0] Sesch channel 0 request ok
DEBUG:paramiko.transport:[chan 0] Sesch channel 0 request ok
DEBUG:netmiko:Pattern is: ((Change now|Please choose))|([\]>]\s*$)
DEBUG:netmiko:_read_channel_expect read_data: 
Info: The max number of VTY users is 10, and the number
      of current VTY users on line is 2.
DEBUG:netmiko:_read_channel_expect read_data: 
      The current login time is 2021-07-29 18:29:12-03:00.
Info: Smart-upgrade is currently disabled. Enable Smart-upgrade to get recommended version information.
<CE-CRT-E01-BKB-SW001>
DEBUG:netmiko:Pattern found: ((Change now|Please choose))|([\]>]\s*$) 
Info: The max number of VTY users is 10, and the number
      of current VTY users on line is 2.
      The current login time is 2021-07-29 18:29:12-03:00.
Info: Smart-upgrade is currently disabled. Enable Smart-upgrade to get recommended version information.
<CE-CRT-E01-BKB-SW001>
DEBUG:netmiko:write_channel: b'N\n'
DEBUG:netmiko:read_channel: N
DEBUG:netmiko:Clear buffer detects data in the channel
DEBUG:netmiko:read_channel: 
                        ^
Error:Incomplete command found at '^' position.
<CE-CRT-E01-BKB-SW001>
DEBUG:netmiko:Clear buffer detects data in the channel
DEBUG:netmiko:read_channel: 
DEBUG:netmiko:read_channel: 
DEBUG:netmiko:read_channel: 
DEBUG:netmiko:write_channel: b'\n'
DEBUG:netmiko:read_channel: 
<CE-CRT-E01-BKB-SW001>
DEBUG:netmiko:read_channel: 
DEBUG:netmiko:read_channel: 
DEBUG:netmiko:read_channel: 
DEBUG:netmiko:write_channel: b'\n'
DEBUG:netmiko:read_channel: 
<CE-CRT-E01-BKB-SW001>
DEBUG:netmiko:prompt: CE-CRT-E01-BKB-SW001
DEBUG:netmiko:In disable_paging
DEBUG:netmiko:Command: screen-length 0 temporary

DEBUG:netmiko:write_channel: b'screen-length 0 temporary\n'
DEBUG:netmiko:Pattern is: screen\-length\ 0\ temporary
DEBUG:netmiko:_read_channel_expect read_data: s
DEBUG:netmiko:_read_channel_expect read_data: creen-
DEBUG:netmiko:_read_channel_expect read_data: length 
DEBUG:netmiko:_read_channel_expect read_data: 0 temp
DEBUG:netmiko:_read_channel_expect read_data: orary
DEBUG:netmiko:Pattern found: screen\-length\ 0\ temporary screen-length 0 temporary
DEBUG:netmiko:screen-length 0 temporary
DEBUG:netmiko:Exiting disable_paging
DEBUG:netmiko:read_channel: 
Info: The configuration takes effect on the current user terminal interface only.
<CE-CRT-E01-BKB-SW001>
DEBUG:netmiko:Clear buffer detects data in the channel
DEBUG:netmiko:read_channel: 
DEBUG:netmiko:read_channel: 
DEBUG:netmiko:write_channel: b'\n'
DEBUG:netmiko:read_channel: 
<CE-CRT-E01-BKB-SW001>
DEBUG:netmiko:read_channel: 
DEBUG:netmiko:[find_prompt()]: prompt is <CE-CRT-E01-BKB-SW001>
DEBUG:netmiko:write_channel: b'\n'
DEBUG:netmiko:read_channel: 
<CE-CRT-E01-BKB-SW001>
DEBUG:netmiko:read_channel: 
DEBUG:netmiko:read_channel: 
DEBUG:netmiko:write_channel: b'system-view\n'
DEBUG:netmiko:Pattern is: system\-view
DEBUG:netmiko:_read_channel_expect read_data: s
DEBUG:netmiko:_read_channel_expect read_data: ystem-
DEBUG:netmiko:_read_channel_expect read_data: view
Enter system view, return user view with Ctrl+Z.
DEBUG:netmiko:Pattern found: system\-view system-view
Enter system view, return user view with Ctrl+Z.
DEBUG:netmiko:Pattern is: CE\-CRT\-E01\-BKB\-S
DEBUG:netmiko:_read_channel_expect read_data: 
[CE-CRT-E01-BKB-SW001]
DEBUG:netmiko:Pattern found: CE\-CRT\-E01\-BKB\-S 
[CE-CRT-E01-BKB-SW001]
DEBUG:netmiko:write_channel: b'\n'
DEBUG:netmiko:read_channel: 
[CE-CRT-E01-BKB-SW001]
DEBUG:netmiko:read_channel: 
DEBUG:netmiko:read_channel: 
DEBUG:netmiko:write_channel: b'snmp-agent udp-port 1026\ny\n'
DEBUG:netmiko:Pattern is: snmp\-agent\ udp\-port\ 1026\
y
DEBUG:netmiko:_read_channel_expect read_data: s
DEBUG:netmiko:_read_channel_expect read_data: nmp-ag
DEBUG:netmiko:_read_channel_expect read_data: ent udp
DEBUG:netmiko:_read_channel_expect read_data: -port 
DEBUG:netmiko:_read_channel_expect read_data: 1026
DEBUG:netmiko:_read_channel_expect read_data: 
Info: The port is already bound to SNMP agent.
DEBUG:netmiko:_read_channel_expect read_data: 
[CE-CRT-E01-BKB-SW001]y
DEBUG:netmiko:_read_channel_expect read_data: 
                      ^
DEBUG:netmiko:_read_channel_expect read_data: 
Error: Unrecognized command found at '^' position.
[CE-CRT-E01-BKB-SW001]
DEBUG:paramiko.transport:starting thread (client mode): 0x357609a0
DEBUG:paramiko.transport:Local version/idstring: SSH-2.0-paramiko_2.6.0
DEBUG:paramiko.transport:Remote version/idstring: SSH-2.0--
INFO:paramiko.transport:Connected (version 2.0, client -)
DEBUG:paramiko.transport:kex algos:['diffie-hellman-group16-sha512', 'diffie-hellman-group15-sha512', 'diffie-hellman-group14-sha256', 'diffie-hellman-group-exchange-sha256', 'diffie-hellman-group-exchange-sha1', 'diffie-hellman-group14-sha1'] server key:['ecdsa-sha2-nistp521', 'ssh-dss', 'ssh-rsa'] client encrypt:['aes256-ctr', 'aes128-ctr', 'aes256-cbc', 'aes128-cbc', '3des-cbc'] server encrypt:['aes256-ctr', 'aes128-ctr', 'aes256-cbc', 'aes128-cbc', '3des-cbc'] client mac:['hmac-sha2-256', 'hmac-sha2-256-96', 'hmac-sha1', 'hmac-sha1-96', 'hmac-md5', 'hmac-md5-96'] server mac:['hmac-sha2-256', 'hmac-sha2-256-96', 'hmac-sha1', 'hmac-sha1-96', 'hmac-md5', 'hmac-md5-96'] client compress:['none', 'zlib'] server compress:['none', 'zlib'] client lang:[''] server lang:[''] kex follows?False
DEBUG:paramiko.transport:Kex agreed: diffie-hellman-group16-sha512
DEBUG:paramiko.transport:HostKey agreed: ecdsa-sha2-nistp521
DEBUG:paramiko.transport:Cipher agreed: aes128-ctr
DEBUG:paramiko.transport:MAC agreed: hmac-sha2-256
DEBUG:paramiko.transport:Compression agreed: none
DEBUG:paramiko.transport:kex engine KexGroup16SHA512 specified hash_algo <built-in function openssl_sha512>
DEBUG:paramiko.transport:Switch to new keys ...
DEBUG:paramiko.transport:Adding ecdsa-sha2-nistp521 host key for 10.165.240.214: b'9054e46ee78a2cd48af03a6582251a2e'
DEBUG:paramiko.transport:userauth is OK
INFO:paramiko.transport:Authentication (password) successful!
DEBUG:paramiko.transport:[chan 0] Max packet in: 32768 bytes
DEBUG:paramiko.transport:[chan 0] Max packet out: 32768 bytes
DEBUG:paramiko.transport:Secsh channel 0 opened.
DEBUG:paramiko.transport:[chan 0] Sesch channel 0 request ok
DEBUG:paramiko.transport:[chan 0] Sesch channel 0 request ok
DEBUG:netmiko:Pattern is: ((Change now|Please choose))|([\]>]\s*$)
DEBUG:netmiko:_read_channel_expect read_data: 
Info: The max number of VTY users is 10, and the number
      of current VTY users on line is 1.
DEBUG:netmiko:_read_channel_expect read_data: 
      The current login time is 2021-07-29 18:33:57-03:00.
Info: Smart-upgrade is currently disabled. Enable Smart-upgrade to get recommended version information.
<CE-CRT-E01-BKB-SW001>
DEBUG:netmiko:Pattern found: ((Change now|Please choose))|([\]>]\s*$) 
Info: The max number of VTY users is 10, and the number
      of current VTY users on line is 1.
      The current login time is 2021-07-29 18:33:57-03:00.
Info: Smart-upgrade is currently disabled. Enable Smart-upgrade to get recommended version information.
<CE-CRT-E01-BKB-SW001>
DEBUG:netmiko:write_channel: b'N\n'
DEBUG:netmiko:read_channel: N

DEBUG:netmiko:Clear buffer detects data in the channel
DEBUG:netmiko:read_channel:                         ^
Error:Incomplete command found at '^' position.
<CE-CRT-E01-BKB-SW001>
DEBUG:netmiko:Clear buffer detects data in the channel
DEBUG:netmiko:read_channel: 
DEBUG:netmiko:read_channel: 
DEBUG:netmiko:read_channel: 
DEBUG:netmiko:write_channel: b'\n'
DEBUG:netmiko:read_channel: 
<CE-CRT-E01-BKB-SW001>
DEBUG:netmiko:read_channel: 
DEBUG:netmiko:read_channel: 
DEBUG:netmiko:read_channel: 
DEBUG:netmiko:write_channel: b'\n'
DEBUG:netmiko:read_channel: 
<CE-CRT-E01-BKB-SW001>
DEBUG:netmiko:prompt: CE-CRT-E01-BKB-SW001
DEBUG:netmiko:In disable_paging
DEBUG:netmiko:Command: screen-length 0 temporary

DEBUG:netmiko:write_channel: b'screen-length 0 temporary\n'
DEBUG:netmiko:Pattern is: screen\-length\ 0\ temporary
DEBUG:netmiko:_read_channel_expect read_data: s
DEBUG:netmiko:_read_channel_expect read_data: creen-
DEBUG:netmiko:_read_channel_expect read_data: length 
DEBUG:netmiko:_read_channel_expect read_data: 0 temp
DEBUG:netmiko:_read_channel_expect read_data: orary
DEBUG:netmiko:Pattern found: screen\-length\ 0\ temporary screen-length 0 temporary
DEBUG:netmiko:screen-length 0 temporary
DEBUG:netmiko:Exiting disable_paging
DEBUG:netmiko:read_channel: 
Info: The configuration takes effect on the current user terminal interface only.
<CE-CRT-E01-BKB-SW001>
DEBUG:netmiko:Clear buffer detects data in the channel
DEBUG:netmiko:read_channel: 
DEBUG:netmiko:read_channel: 
DEBUG:netmiko:write_channel: b'\n'
DEBUG:netmiko:read_channel: 
<CE-CRT-E01-BKB-SW001>
DEBUG:netmiko:read_channel: 
DEBUG:netmiko:[find_prompt()]: prompt is <CE-CRT-E01-BKB-SW001>
DEBUG:netmiko:write_channel: b'\n'
DEBUG:netmiko:read_channel: 
<CE-CRT-E01-BKB-SW001>
DEBUG:netmiko:read_channel: 
DEBUG:netmiko:read_channel: 
DEBUG:netmiko:write_channel: b'system-view\n'
DEBUG:netmiko:Pattern is: system\-view
DEBUG:netmiko:_read_channel_expect read_data: s
DEBUG:netmiko:_read_channel_expect read_data: ystem-
DEBUG:netmiko:_read_channel_expect read_data: view
Enter system view, return user view with Ctrl+Z.
DEBUG:netmiko:Pattern found: system\-view system-view
Enter system view, return user view with Ctrl+Z.
DEBUG:netmiko:Pattern is: CE\-CRT\-E01\-BKB\-S
DEBUG:netmiko:_read_channel_expect read_data: 
[CE-CRT-E01-BKB-SW001]
DEBUG:netmiko:Pattern found: CE\-CRT\-E01\-BKB\-S 
[CE-CRT-E01-BKB-SW001]
DEBUG:netmiko:write_channel: b'\n'
DEBUG:netmiko:read_channel: 
[CE-CRT-E01-BKB-SW001]
DEBUG:netmiko:read_channel: 
DEBUG:netmiko:read_channel: 
DEBUG:netmiko:write_channel: b'snmp-agent udp-port 1026\ny\n'
DEBUG:netmiko:Pattern is: snmp\-agent\ udp\-port\ 1026\
y
DEBUG:netmiko:_read_channel_expect read_data: s
DEBUG:netmiko:_read_channel_expect read_data: nmp-
DEBUG:netmiko:_read_channel_expect read_data: a
DEBUG:netmiko:_read_channel_expect read_data: gent udp-port 1026
DEBUG:netmiko:_read_channel_expect read_data: 
Info: The port is already bound to SNMP agent.
[CE-CRT-E01-BKB-SW001]y
DEBUG:netmiko:_read_channel_expect read_data: 

DEBUG:netmiko:_read_channel_expect read_data:                       ^
Error: Unrecognized command found at '^' position.
[CE-CRT-E01-BKB-SW001]
DEBUG:paramiko.transport:starting thread (client mode): 0x4b5ab9a0
DEBUG:paramiko.transport:Local version/idstring: SSH-2.0-paramiko_2.6.0
DEBUG:paramiko.transport:Remote version/idstring: SSH-2.0--
INFO:paramiko.transport:Connected (version 2.0, client -)
DEBUG:paramiko.transport:kex algos:['diffie-hellman-group16-sha512', 'diffie-hellman-group15-sha512', 'diffie-hellman-group14-sha256', 'diffie-hellman-group-exchange-sha256', 'diffie-hellman-group-exchange-sha1', 'diffie-hellman-group14-sha1'] server key:['ecdsa-sha2-nistp521', 'ssh-dss', 'ssh-rsa'] client encrypt:['aes256-ctr', 'aes128-ctr', 'aes256-cbc', 'aes128-cbc', '3des-cbc'] server encrypt:['aes256-ctr', 'aes128-ctr', 'aes256-cbc', 'aes128-cbc', '3des-cbc'] client mac:['hmac-sha2-256', 'hmac-sha2-256-96', 'hmac-sha1', 'hmac-sha1-96', 'hmac-md5', 'hmac-md5-96'] server mac:['hmac-sha2-256', 'hmac-sha2-256-96', 'hmac-sha1', 'hmac-sha1-96', 'hmac-md5', 'hmac-md5-96'] client compress:['none', 'zlib'] server compress:['none', 'zlib'] client lang:[''] server lang:[''] kex follows?False
DEBUG:paramiko.transport:Kex agreed: diffie-hellman-group16-sha512
DEBUG:paramiko.transport:HostKey agreed: ecdsa-sha2-nistp521
DEBUG:paramiko.transport:Cipher agreed: aes128-ctr
DEBUG:paramiko.transport:MAC agreed: hmac-sha2-256
DEBUG:paramiko.transport:Compression agreed: none
DEBUG:paramiko.transport:kex engine KexGroup16SHA512 specified hash_algo <built-in function openssl_sha512>
DEBUG:paramiko.transport:Switch to new keys ...
DEBUG:paramiko.transport:Adding ecdsa-sha2-nistp521 host key for 10.165.240.214: b'9054e46ee78a2cd48af03a6582251a2e'
DEBUG:paramiko.transport:userauth is OK
INFO:paramiko.transport:Authentication (password) successful!
DEBUG:paramiko.transport:[chan 0] Max packet in: 32768 bytes
DEBUG:paramiko.transport:[chan 0] Max packet out: 32768 bytes
DEBUG:paramiko.transport:Secsh channel 0 opened.
DEBUG:paramiko.transport:[chan 0] Sesch channel 0 request ok
DEBUG:paramiko.transport:[chan 0] Sesch channel 0 request ok
DEBUG:netmiko:Pattern is: ((Change now|Please choose))|([\]>]\s*$)
DEBUG:netmiko:_read_channel_expect read_data: 
Info: The max number of VTY users is 10, and the number
      of current VTY users on line is 1.
DEBUG:netmiko:_read_channel_expect read_data: 
      The current login time is 2021-07-29 18:38:36-03:00.
Info: Smart-upgrade is currently disabled. Enable Smart-upgrade to get recommended version information.
<CE-CRT-E01-BKB-SW001>
DEBUG:netmiko:Pattern found: ((Change now|Please choose))|([\]>]\s*$) 
Info: The max number of VTY users is 10, and the number
      of current VTY users on line is 1.
      The current login time is 2021-07-29 18:38:36-03:00.
Info: Smart-upgrade is currently disabled. Enable Smart-upgrade to get recommended version information.
<CE-CRT-E01-BKB-SW001>
DEBUG:netmiko:write_channel: b'N\n'
DEBUG:netmiko:read_channel: N
DEBUG:netmiko:Clear buffer detects data in the channel
DEBUG:netmiko:read_channel: 
                        ^
Error:Incomplete command found at '^' position.
<CE-CRT-E01-BKB-SW001>
DEBUG:netmiko:Clear buffer detects data in the channel
DEBUG:netmiko:read_channel: 
DEBUG:netmiko:read_channel: 
DEBUG:netmiko:read_channel: 
DEBUG:netmiko:write_channel: b'\n'
DEBUG:netmiko:read_channel: 
<CE-CRT-E01-BKB-SW001>
DEBUG:netmiko:read_channel: 
DEBUG:netmiko:read_channel: 
DEBUG:netmiko:read_channel: 
DEBUG:netmiko:write_channel: b'\n'
DEBUG:netmiko:read_channel: 
<CE-CRT-E01-BKB-SW001>
DEBUG:netmiko:prompt: CE-CRT-E01-BKB-SW001
DEBUG:netmiko:In disable_paging
DEBUG:netmiko:Command: screen-length 0 temporary

DEBUG:netmiko:write_channel: b'screen-length 0 temporary\n'
DEBUG:netmiko:Pattern is: screen\-length\ 0\ temporary
DEBUG:netmiko:_read_channel_expect read_data: s
DEBUG:netmiko:_read_channel_expect read_data: creen-
DEBUG:netmiko:_read_channel_expect read_data: length 
DEBUG:netmiko:_read_channel_expect read_data: 0 temp
DEBUG:netmiko:_read_channel_expect read_data: orary
DEBUG:netmiko:Pattern found: screen\-length\ 0\ temporary screen-length 0 temporary
DEBUG:netmiko:screen-length 0 temporary
DEBUG:netmiko:Exiting disable_paging
DEBUG:netmiko:read_channel: 
Info: The configuration takes effect on the current user terminal interface only.
<CE-CRT-E01-BKB-SW001>
DEBUG:netmiko:Clear buffer detects data in the channel
DEBUG:netmiko:read_channel: 
DEBUG:netmiko:read_channel: 
DEBUG:netmiko:write_channel: b'\n'
DEBUG:netmiko:read_channel: 
<CE-CRT-E01-BKB-SW001>
DEBUG:netmiko:read_channel: 
DEBUG:netmiko:[find_prompt()]: prompt is <CE-CRT-E01-BKB-SW001>
DEBUG:netmiko:write_channel: b'\n'
DEBUG:netmiko:read_channel: 
<CE-CRT-E01-BKB-SW001>
DEBUG:netmiko:read_channel: 
DEBUG:netmiko:read_channel: 
DEBUG:netmiko:write_channel: b'system-view\n'
DEBUG:netmiko:Pattern is: system\-view
DEBUG:netmiko:_read_channel_expect read_data: s
DEBUG:netmiko:_read_channel_expect read_data: ystem-v
DEBUG:netmiko:_read_channel_expect read_data: iew
Enter system view, return user view with Ctrl+Z.
[CE-CRT-E01-BKB-SW001]
DEBUG:netmiko:Pattern found: system\-view system-view
Enter system view, return user view with Ctrl+Z.
[CE-CRT-E01-BKB-SW001]
DEBUG:netmiko:write_channel: b'\n'
DEBUG:netmiko:read_channel: 
[CE-CRT-E01-BKB-SW001]
DEBUG:netmiko:read_channel: 
DEBUG:netmiko:read_channel: 
DEBUG:netmiko:write_channel: b'snmp-agent udp-port 1026\ny\n'
DEBUG:netmiko:Pattern is: snmp\-agent\ udp\-port\ 1026\
y
DEBUG:netmiko:_read_channel_expect read_data: s
DEBUG:netmiko:_read_channel_expect read_data: nmp-ag
DEBUG:netmiko:_read_channel_expect read_data: ent udp
DEBUG:netmiko:_read_channel_expect read_data: -port 
DEBUG:netmiko:_read_channel_expect read_data: 1026
DEBUG:netmiko:_read_channel_expect read_data: 
Info: The port is already bound to SNMP agent.
DEBUG:netmiko:_read_channel_expect read_data: 
[CE-CRT-E01-BKB-SW001]y
DEBUG:netmiko:_read_channel_expect read_data: 
                      ^
Error: Unrecognized command found at '^' position.
DEBUG:netmiko:_read_channel_expect read_data: 
[CE-CRT-E01-BKB-SW001]
DEBUG:paramiko.transport:starting thread (client mode): 0xa6c019a0
DEBUG:paramiko.transport:Local version/idstring: SSH-2.0-paramiko_2.6.0
DEBUG:paramiko.transport:Remote version/idstring: SSH-2.0--
INFO:paramiko.transport:Connected (version 2.0, client -)
DEBUG:paramiko.transport:kex algos:['diffie-hellman-group16-sha512', 'diffie-hellman-group15-sha512', 'diffie-hellman-group14-sha256', 'diffie-hellman-group-exchange-sha256', 'diffie-hellman-group-exchange-sha1', 'diffie-hellman-group14-sha1'] server key:['ecdsa-sha2-nistp521', 'ssh-dss', 'ssh-rsa'] client encrypt:['aes256-ctr', 'aes128-ctr', 'aes256-cbc', 'aes128-cbc', '3des-cbc'] server encrypt:['aes256-ctr', 'aes128-ctr', 'aes256-cbc', 'aes128-cbc', '3des-cbc'] client mac:['hmac-sha2-256', 'hmac-sha2-256-96', 'hmac-sha1', 'hmac-sha1-96', 'hmac-md5', 'hmac-md5-96'] server mac:['hmac-sha2-256', 'hmac-sha2-256-96', 'hmac-sha1', 'hmac-sha1-96', 'hmac-md5', 'hmac-md5-96'] client compress:['none', 'zlib'] server compress:['none', 'zlib'] client lang:[''] server lang:[''] kex follows?False
DEBUG:paramiko.transport:Kex agreed: diffie-hellman-group16-sha512
DEBUG:paramiko.transport:HostKey agreed: ecdsa-sha2-nistp521
DEBUG:paramiko.transport:Cipher agreed: aes128-ctr
DEBUG:paramiko.transport:MAC agreed: hmac-sha2-256
DEBUG:paramiko.transport:Compression agreed: none
DEBUG:paramiko.transport:kex engine KexGroup16SHA512 specified hash_algo <built-in function openssl_sha512>
DEBUG:paramiko.transport:Switch to new keys ...
DEBUG:paramiko.transport:Adding ecdsa-sha2-nistp521 host key for 10.165.240.214: b'9054e46ee78a2cd48af03a6582251a2e'
DEBUG:paramiko.transport:userauth is OK
INFO:paramiko.transport:Authentication (password) successful!
DEBUG:paramiko.transport:[chan 0] Max packet in: 32768 bytes
DEBUG:paramiko.transport:[chan 0] Max packet out: 32768 bytes
DEBUG:paramiko.transport:Secsh channel 0 opened.
DEBUG:paramiko.transport:[chan 0] Sesch channel 0 request ok
DEBUG:paramiko.transport:[chan 0] Sesch channel 0 request ok
DEBUG:netmiko:Pattern is: ((Change now|Please choose))|([\]>]\s*$)
DEBUG:netmiko:_read_channel_expect read_data: 
Info: The max number of VTY users is 10, and the number
      of current VTY users on line is 1.
DEBUG:netmiko:_read_channel_expect read_data: 
      The current login time is 2021-07-29 18:39:56-03:00.
Info: Smart-upgrade is currently disabled. Enable Smart-upgrade to get recommended version information.
<CE-CRT-E01-BKB-SW001>
DEBUG:netmiko:Pattern found: ((Change now|Please choose))|([\]>]\s*$) 
Info: The max number of VTY users is 10, and the number
      of current VTY users on line is 1.
      The current login time is 2021-07-29 18:39:56-03:00.
Info: Smart-upgrade is currently disabled. Enable Smart-upgrade to get recommended version information.
<CE-CRT-E01-BKB-SW001>
DEBUG:netmiko:write_channel: b'N\n'
DEBUG:netmiko:read_channel: N

DEBUG:netmiko:Clear buffer detects data in the channel
DEBUG:netmiko:read_channel:                         ^
Error:Incomplete command found at '^' position.
<CE-CRT-E01-BKB-SW001>
DEBUG:netmiko:Clear buffer detects data in the channel
DEBUG:netmiko:read_channel: 
DEBUG:netmiko:read_channel: 
DEBUG:netmiko:read_channel: 
DEBUG:netmiko:write_channel: b'\n'
DEBUG:netmiko:read_channel: 
<CE-CRT-E01-BKB-SW001>
DEBUG:netmiko:read_channel: 
DEBUG:netmiko:read_channel: 
DEBUG:netmiko:read_channel: 
DEBUG:netmiko:write_channel: b'\n'
DEBUG:netmiko:read_channel: 
<CE-CRT-E01-BKB-SW001>
DEBUG:netmiko:prompt: CE-CRT-E01-BKB-SW001
DEBUG:netmiko:In disable_paging
DEBUG:netmiko:Command: screen-length 0 temporary

DEBUG:netmiko:write_channel: b'screen-length 0 temporary\n'
DEBUG:netmiko:Pattern is: screen\-length\ 0\ temporary
DEBUG:netmiko:_read_channel_expect read_data: s
DEBUG:netmiko:_read_channel_expect read_data: creen-
DEBUG:netmiko:_read_channel_expect read_data: length 
DEBUG:netmiko:_read_channel_expect read_data: 0 temp
DEBUG:netmiko:_read_channel_expect read_data: orary
DEBUG:netmiko:Pattern found: screen\-length\ 0\ temporary screen-length 0 temporary
DEBUG:netmiko:screen-length 0 temporary
DEBUG:netmiko:Exiting disable_paging
DEBUG:netmiko:read_channel: 
Info: The configuration takes effect on the current user terminal interface only.
<CE-CRT-E01-BKB-SW001>
DEBUG:netmiko:Clear buffer detects data in the channel
DEBUG:netmiko:read_channel: 
DEBUG:netmiko:read_channel: 
DEBUG:netmiko:write_channel: b'\n'
DEBUG:netmiko:read_channel: 
<CE-CRT-E01-BKB-SW001>
DEBUG:netmiko:read_channel: 
DEBUG:netmiko:[find_prompt()]: prompt is <CE-CRT-E01-BKB-SW001>
DEBUG:netmiko:write_channel: b'\n'
DEBUG:netmiko:read_channel: 
<CE-CRT-E01-BKB-SW001>
DEBUG:netmiko:read_channel: 
DEBUG:netmiko:read_channel: 
DEBUG:netmiko:write_channel: b'system-view\n'
DEBUG:netmiko:Pattern is: system\-view
DEBUG:netmiko:_read_channel_expect read_data: s
DEBUG:netmiko:_read_channel_expect read_data: ystem-
DEBUG:netmiko:_read_channel_expect read_data: view
Enter system view, return user view with Ctrl+Z.
[CE-CRT-E01-BKB-SW001]
DEBUG:netmiko:Pattern found: system\-view system-view
Enter system view, return user view with Ctrl+Z.
[CE-CRT-E01-BKB-SW001]
DEBUG:netmiko:write_channel: b'\n'
DEBUG:netmiko:read_channel: 
[CE-CRT-E01-BKB-SW001]
DEBUG:netmiko:read_channel: 
DEBUG:netmiko:read_channel: 
DEBUG:netmiko:write_channel: b'snmp-agent udp-port 1026\ny\n'
DEBUG:netmiko:Pattern is: snmp\-agent\ udp\-port\ 1026\
y
DEBUG:netmiko:_read_channel_expect read_data: s
DEBUG:netmiko:_read_channel_expect read_data: nmp-ag
DEBUG:netmiko:_read_channel_expect read_data: ent udp
DEBUG:netmiko:_read_channel_expect read_data: -port 
DEBUG:netmiko:_read_channel_expect read_data: 1026
DEBUG:netmiko:_read_channel_expect read_data: 
Info: The port is already bound to SNMP agent.
DEBUG:netmiko:_read_channel_expect read_data: 
[CE-CRT-E01-BKB-SW001]y
DEBUG:netmiko:_read_channel_expect read_data: 
                      ^
DEBUG:netmiko:_read_channel_expect read_data: 
Error: Unrecognized command found at '^' position.
[CE-CRT-E01-BKB-SW001]
DEBUG:paramiko.transport:starting thread (client mode): 0xe8ca89a0
DEBUG:paramiko.transport:Local version/idstring: SSH-2.0-paramiko_2.6.0
DEBUG:paramiko.transport:Remote version/idstring: SSH-2.0--
INFO:paramiko.transport:Connected (version 2.0, client -)
DEBUG:paramiko.transport:kex algos:['diffie-hellman-group16-sha512', 'diffie-hellman-group15-sha512', 'diffie-hellman-group14-sha256', 'diffie-hellman-group-exchange-sha256', 'diffie-hellman-group-exchange-sha1', 'diffie-hellman-group14-sha1'] server key:['ecdsa-sha2-nistp521', 'ssh-dss', 'ssh-rsa'] client encrypt:['aes256-ctr', 'aes128-ctr', 'aes256-cbc', 'aes128-cbc', '3des-cbc'] server encrypt:['aes256-ctr', 'aes128-ctr', 'aes256-cbc', 'aes128-cbc', '3des-cbc'] client mac:['hmac-sha2-256', 'hmac-sha2-256-96', 'hmac-sha1', 'hmac-sha1-96', 'hmac-md5', 'hmac-md5-96'] server mac:['hmac-sha2-256', 'hmac-sha2-256-96', 'hmac-sha1', 'hmac-sha1-96', 'hmac-md5', 'hmac-md5-96'] client compress:['none', 'zlib'] server compress:['none', 'zlib'] client lang:[''] server lang:[''] kex follows?False
DEBUG:paramiko.transport:Kex agreed: diffie-hellman-group16-sha512
DEBUG:paramiko.transport:HostKey agreed: ecdsa-sha2-nistp521
DEBUG:paramiko.transport:Cipher agreed: aes128-ctr
DEBUG:paramiko.transport:MAC agreed: hmac-sha2-256
DEBUG:paramiko.transport:Compression agreed: none
DEBUG:paramiko.transport:kex engine KexGroup16SHA512 specified hash_algo <built-in function openssl_sha512>
DEBUG:paramiko.transport:Switch to new keys ...
DEBUG:paramiko.transport:Adding ecdsa-sha2-nistp521 host key for 10.165.240.214: b'9054e46ee78a2cd48af03a6582251a2e'
DEBUG:paramiko.transport:userauth is OK
INFO:paramiko.transport:Authentication (password) successful!
DEBUG:paramiko.transport:[chan 0] Max packet in: 32768 bytes
DEBUG:paramiko.transport:[chan 0] Max packet out: 32768 bytes
DEBUG:paramiko.transport:Secsh channel 0 opened.
DEBUG:paramiko.transport:[chan 0] Sesch channel 0 request ok
DEBUG:paramiko.transport:[chan 0] Sesch channel 0 request ok
DEBUG:netmiko:Pattern is: ((Change now|Please choose))|([\]>]\s*$)
DEBUG:netmiko:_read_channel_expect read_data: 
Info: The max number of VTY users is 10, and the number
      of current VTY users on line is 1.
DEBUG:netmiko:_read_channel_expect read_data: 
      The current login time is 2021-07-29 19:22:26-03:00.
Info: Smart-upgrade is currently disabled. Enable Smart-upgrade to get recommended version information.
<CE-CRT-E01-BKB-SW001>
DEBUG:netmiko:Pattern found: ((Change now|Please choose))|([\]>]\s*$) 
Info: The max number of VTY users is 10, and the number
      of current VTY users on line is 1.
      The current login time is 2021-07-29 19:22:26-03:00.
Info: Smart-upgrade is currently disabled. Enable Smart-upgrade to get recommended version information.
<CE-CRT-E01-BKB-SW001>
DEBUG:netmiko:write_channel: b'N\n'
DEBUG:netmiko:read_channel: N

DEBUG:netmiko:Clear buffer detects data in the channel
DEBUG:netmiko:read_channel:                         ^
Error:Incomplete command found at '^' position.
<CE-CRT-E01-BKB-SW001>
DEBUG:netmiko:Clear buffer detects data in the channel
DEBUG:netmiko:read_channel: 
DEBUG:netmiko:read_channel: 
DEBUG:netmiko:read_channel: 
DEBUG:netmiko:write_channel: b'\n'
DEBUG:netmiko:read_channel: 
<CE-CRT-E01-BKB-SW001>
DEBUG:netmiko:read_channel: 
DEBUG:netmiko:read_channel: 
DEBUG:netmiko:read_channel: 
DEBUG:netmiko:write_channel: b'\n'
DEBUG:netmiko:read_channel: 
<CE-CRT-E01-BKB-SW001>
DEBUG:netmiko:prompt: CE-CRT-E01-BKB-SW001
DEBUG:netmiko:In disable_paging
DEBUG:netmiko:Command: screen-length 0 temporary

DEBUG:netmiko:write_channel: b'screen-length 0 temporary\n'
DEBUG:netmiko:Pattern is: screen\-length\ 0\ temporary
DEBUG:netmiko:_read_channel_expect read_data: s
DEBUG:netmiko:_read_channel_expect read_data: creen-
DEBUG:netmiko:_read_channel_expect read_data: length
DEBUG:netmiko:_read_channel_expect read_data:  0 temp
DEBUG:netmiko:_read_channel_expect read_data: orary
DEBUG:netmiko:Pattern found: screen\-length\ 0\ temporary screen-length 0 temporary
DEBUG:netmiko:screen-length 0 temporary
DEBUG:netmiko:Exiting disable_paging
DEBUG:netmiko:read_channel: 
Info: The configuration takes effect on the current user terminal interface only.
<CE-CRT-E01-BKB-SW001>
DEBUG:netmiko:Clear buffer detects data in the channel
DEBUG:netmiko:read_channel: 
DEBUG:netmiko:read_channel: 
DEBUG:netmiko:write_channel: b'\n'
DEBUG:netmiko:read_channel: 
<CE-CRT-E01-BKB-SW001>
DEBUG:netmiko:read_channel: 
DEBUG:netmiko:[find_prompt()]: prompt is <CE-CRT-E01-BKB-SW001>
DEBUG:netmiko:write_channel: b'\n'
DEBUG:netmiko:read_channel: 
<CE-CRT-E01-BKB-SW001>
DEBUG:netmiko:read_channel: 
DEBUG:netmiko:read_channel: 
DEBUG:netmiko:write_channel: b'system-view\n'
DEBUG:netmiko:Pattern is: system\-view
DEBUG:netmiko:_read_channel_expect read_data: s
DEBUG:netmiko:_read_channel_expect read_data: ystem-
DEBUG:netmiko:_read_channel_expect read_data: view
Enter system view, return user view with Ctrl+Z.
DEBUG:netmiko:Pattern found: system\-view system-view
Enter system view, return user view with Ctrl+Z.
DEBUG:netmiko:Pattern is: CE\-CRT\-E01\-BKB\-S
DEBUG:netmiko:_read_channel_expect read_data: 
[CE-CRT-E01-BKB-SW001]
DEBUG:netmiko:Pattern found: CE\-CRT\-E01\-BKB\-S 
[CE-CRT-E01-BKB-SW001]
DEBUG:netmiko:write_channel: b'\n'
DEBUG:netmiko:read_channel: 
[CE-CRT-E01-BKB-SW001]
DEBUG:netmiko:read_channel: 
DEBUG:netmiko:read_channel: 
DEBUG:netmiko:write_channel: b'snmp-agent udp-port 1026\ny\n'
DEBUG:netmiko:Pattern is: snmp\-agent\ udp\-port\ 1026\
y
DEBUG:netmiko:_read_channel_expect read_data: s
DEBUG:netmiko:_read_channel_expect read_data: nmp-ag
DEBUG:netmiko:_read_channel_expect read_data: ent ud
DEBUG:netmiko:_read_channel_expect read_data: p-port 
DEBUG:netmiko:_read_channel_expect read_data: 1026
DEBUG:netmiko:_read_channel_expect read_data: 
Info: The port is already bound to SNMP agent.
DEBUG:netmiko:_read_channel_expect read_data: 
[CE-CRT-E01-BKB-SW001]y
DEBUG:netmiko:_read_channel_expect read_data: 
                      ^
Error: Unrecognized command found at '^' position.
DEBUG:netmiko:_read_channel_expect read_data: 
[CE-CRT-E01-BKB-SW001]
DEBUG:paramiko.transport:starting thread (client mode): 0x6525c9a0
DEBUG:paramiko.transport:Local version/idstring: SSH-2.0-paramiko_2.6.0
DEBUG:paramiko.transport:Remote version/idstring: SSH-2.0--
INFO:paramiko.transport:Connected (version 2.0, client -)
DEBUG:paramiko.transport:kex algos:['diffie-hellman-group16-sha512', 'diffie-hellman-group15-sha512', 'diffie-hellman-group14-sha256', 'diffie-hellman-group-exchange-sha256', 'diffie-hellman-group-exchange-sha1', 'diffie-hellman-group14-sha1'] server key:['ecdsa-sha2-nistp521', 'ssh-dss', 'ssh-rsa'] client encrypt:['aes256-ctr', 'aes128-ctr', 'aes256-cbc', 'aes128-cbc', '3des-cbc'] server encrypt:['aes256-ctr', 'aes128-ctr', 'aes256-cbc', 'aes128-cbc', '3des-cbc'] client mac:['hmac-sha2-256', 'hmac-sha2-256-96', 'hmac-sha1', 'hmac-sha1-96', 'hmac-md5', 'hmac-md5-96'] server mac:['hmac-sha2-256', 'hmac-sha2-256-96', 'hmac-sha1', 'hmac-sha1-96', 'hmac-md5', 'hmac-md5-96'] client compress:['none', 'zlib'] server compress:['none', 'zlib'] client lang:[''] server lang:[''] kex follows?False
DEBUG:paramiko.transport:Kex agreed: diffie-hellman-group16-sha512
DEBUG:paramiko.transport:HostKey agreed: ecdsa-sha2-nistp521
DEBUG:paramiko.transport:Cipher agreed: aes128-ctr
DEBUG:paramiko.transport:MAC agreed: hmac-sha2-256
DEBUG:paramiko.transport:Compression agreed: none
DEBUG:paramiko.transport:kex engine KexGroup16SHA512 specified hash_algo <built-in function openssl_sha512>
DEBUG:paramiko.transport:Switch to new keys ...
DEBUG:paramiko.transport:Adding ecdsa-sha2-nistp521 host key for 10.165.240.214: b'9054e46ee78a2cd48af03a6582251a2e'
DEBUG:paramiko.transport:userauth is OK
INFO:paramiko.transport:Authentication (password) successful!
DEBUG:paramiko.transport:[chan 0] Max packet in: 32768 bytes
DEBUG:paramiko.transport:[chan 0] Max packet out: 32768 bytes
DEBUG:paramiko.transport:Secsh channel 0 opened.
DEBUG:paramiko.transport:[chan 0] Sesch channel 0 request ok
DEBUG:paramiko.transport:[chan 0] Sesch channel 0 request ok
DEBUG:netmiko:Pattern is: ((Change now|Please choose))|([\]>]\s*$)
DEBUG:netmiko:_read_channel_expect read_data: 
Info: The max number of VTY users is 10, and the number
      of current VTY users on line is 1.
DEBUG:netmiko:_read_channel_expect read_data: 
      The current login time is 2021-07-30 09:37:41-03:00.
Info: Smart-upgrade is currently disabled. Enable Smart-upgrade to get recommended version information.
<CE-CRT-E01-BKB-SW001>
DEBUG:netmiko:Pattern found: ((Change now|Please choose))|([\]>]\s*$) 
Info: The max number of VTY users is 10, and the number
      of current VTY users on line is 1.
      The current login time is 2021-07-30 09:37:41-03:00.
Info: Smart-upgrade is currently disabled. Enable Smart-upgrade to get recommended version information.
<CE-CRT-E01-BKB-SW001>
DEBUG:netmiko:write_channel: b'N\n'
DEBUG:netmiko:read_channel: N
DEBUG:netmiko:Clear buffer detects data in the channel
DEBUG:netmiko:read_channel: 
                        ^
Error:Incomplete command found at '^' position.
<CE-CRT-E01-BKB-SW001>
DEBUG:netmiko:Clear buffer detects data in the channel
DEBUG:netmiko:read_channel: 
DEBUG:netmiko:read_channel: 
DEBUG:netmiko:read_channel: 
DEBUG:netmiko:write_channel: b'\n'
DEBUG:netmiko:read_channel: 
<CE-CRT-E01-BKB-SW001>
DEBUG:netmiko:read_channel: 
DEBUG:netmiko:read_channel: 
DEBUG:netmiko:read_channel: 
DEBUG:netmiko:write_channel: b'\n'
DEBUG:netmiko:read_channel: 
<CE-CRT-E01-BKB-SW001>
DEBUG:netmiko:prompt: CE-CRT-E01-BKB-SW001
DEBUG:netmiko:In disable_paging
DEBUG:netmiko:Command: screen-length 0 temporary

DEBUG:netmiko:write_channel: b'screen-length 0 temporary\n'
DEBUG:netmiko:Pattern is: screen\-length\ 0\ temporary
DEBUG:netmiko:_read_channel_expect read_data: s
DEBUG:netmiko:_read_channel_expect read_data: creen-l
DEBUG:netmiko:_read_channel_expect read_data: ength 
DEBUG:netmiko:_read_channel_expect read_data: 0 tempo
DEBUG:netmiko:_read_channel_expect read_data: rary
DEBUG:netmiko:Pattern found: screen\-length\ 0\ temporary screen-length 0 temporary
DEBUG:netmiko:screen-length 0 temporary
DEBUG:netmiko:Exiting disable_paging
DEBUG:netmiko:read_channel: 
Info: The configuration takes effect on the current user terminal interface only.
<CE-CRT-E01-BKB-SW001>
DEBUG:netmiko:Clear buffer detects data in the channel
DEBUG:netmiko:read_channel: 
DEBUG:netmiko:read_channel: 
DEBUG:netmiko:write_channel: b'\n'
DEBUG:netmiko:read_channel: 
<CE-CRT-E01-BKB-SW001>
DEBUG:netmiko:read_channel: 
DEBUG:netmiko:[find_prompt()]: prompt is <CE-CRT-E01-BKB-SW001>
DEBUG:netmiko:write_channel: b'\n'
DEBUG:netmiko:read_channel: 
<CE-CRT-E01-BKB-SW001>
DEBUG:netmiko:read_channel: 
DEBUG:netmiko:read_channel: 
DEBUG:netmiko:write_channel: b'system-view\n'
DEBUG:netmiko:Pattern is: system\-view
DEBUG:netmiko:_read_channel_expect read_data: s
DEBUG:netmiko:_read_channel_expect read_data: ystem-v
DEBUG:netmiko:_read_channel_expect read_data: iew
Enter system view, return user view with Ctrl+Z.
[CE-CRT-E01-BKB-SW001]
DEBUG:netmiko:Pattern found: system\-view system-view
Enter system view, return user view with Ctrl+Z.
[CE-CRT-E01-BKB-SW001]
DEBUG:netmiko:write_channel: b'\n'
DEBUG:netmiko:read_channel: 
[CE-CRT-E01-BKB-SW001]
DEBUG:netmiko:read_channel: 
DEBUG:netmiko:read_channel: 
DEBUG:netmiko:write_channel: b'snmp-agent udp-port 1026\ny\n'
DEBUG:netmiko:Pattern is: snmp\-agent\ udp\-port\ 1026\
y
DEBUG:netmiko:_read_channel_expect read_data: s
DEBUG:netmiko:_read_channel_expect read_data: nmp-age
DEBUG:netmiko:_read_channel_expect read_data: nt udp-p
DEBUG:netmiko:_read_channel_expect read_data: ort 102
DEBUG:netmiko:_read_channel_expect read_data: 6
DEBUG:netmiko:_read_channel_expect read_data: 
Info: The port is already bound to SNMP agent.
DEBUG:netmiko:_read_channel_expect read_data: 
[CE-CRT-E01-BKB-SW001]y
DEBUG:netmiko:_read_channel_expect read_data: 
                      ^
Error: Unrecognized command found at '^' position.
[CE-CRT-E01-BKB-SW001]
DEBUG:paramiko.transport:starting thread (client mode): 0x659e9a0
DEBUG:paramiko.transport:Local version/idstring: SSH-2.0-paramiko_2.6.0
DEBUG:paramiko.transport:Remote version/idstring: SSH-2.0--
INFO:paramiko.transport:Connected (version 2.0, client -)
DEBUG:paramiko.transport:kex algos:['diffie-hellman-group16-sha512', 'diffie-hellman-group15-sha512', 'diffie-hellman-group14-sha256', 'diffie-hellman-group-exchange-sha256', 'diffie-hellman-group-exchange-sha1', 'diffie-hellman-group14-sha1'] server key:['ecdsa-sha2-nistp521', 'ssh-dss', 'ssh-rsa'] client encrypt:['aes256-ctr', 'aes128-ctr', 'aes256-cbc', 'aes128-cbc', '3des-cbc'] server encrypt:['aes256-ctr', 'aes128-ctr', 'aes256-cbc', 'aes128-cbc', '3des-cbc'] client mac:['hmac-sha2-256', 'hmac-sha2-256-96', 'hmac-sha1', 'hmac-sha1-96', 'hmac-md5', 'hmac-md5-96'] server mac:['hmac-sha2-256', 'hmac-sha2-256-96', 'hmac-sha1', 'hmac-sha1-96', 'hmac-md5', 'hmac-md5-96'] client compress:['none', 'zlib'] server compress:['none', 'zlib'] client lang:[''] server lang:[''] kex follows?False
DEBUG:paramiko.transport:Kex agreed: diffie-hellman-group16-sha512
DEBUG:paramiko.transport:HostKey agreed: ecdsa-sha2-nistp521
DEBUG:paramiko.transport:Cipher agreed: aes128-ctr
DEBUG:paramiko.transport:MAC agreed: hmac-sha2-256
DEBUG:paramiko.transport:Compression agreed: none
DEBUG:paramiko.transport:kex engine KexGroup16SHA512 specified hash_algo <built-in function openssl_sha512>
DEBUG:paramiko.transport:Switch to new keys ...
DEBUG:paramiko.transport:Adding ecdsa-sha2-nistp521 host key for 10.165.240.214: b'9054e46ee78a2cd48af03a6582251a2e'
DEBUG:paramiko.transport:userauth is OK
INFO:paramiko.transport:Authentication (password) successful!
DEBUG:paramiko.transport:[chan 0] Max packet in: 32768 bytes
DEBUG:paramiko.transport:[chan 0] Max packet out: 32768 bytes
DEBUG:paramiko.transport:Secsh channel 0 opened.
DEBUG:paramiko.transport:[chan 0] Sesch channel 0 request ok
DEBUG:paramiko.transport:[chan 0] Sesch channel 0 request ok
DEBUG:netmiko:Pattern is: ((Change now|Please choose))|([\]>]\s*$)
DEBUG:netmiko:_read_channel_expect read_data: 
Info: The max number of VTY users is 10, and the number
      of current VTY users on line is 1.
DEBUG:netmiko:_read_channel_expect read_data: 
      The current login time is 2021-07-30 10:02:56-03:00.
Info: Smart-upgrade is currently disabled. Enable Smart-upgrade to get recommended version information.
<CE-CRT-E01-BKB-SW001>
DEBUG:netmiko:Pattern found: ((Change now|Please choose))|([\]>]\s*$) 
Info: The max number of VTY users is 10, and the number
      of current VTY users on line is 1.
      The current login time is 2021-07-30 10:02:56-03:00.
Info: Smart-upgrade is currently disabled. Enable Smart-upgrade to get recommended version information.
<CE-CRT-E01-BKB-SW001>
DEBUG:netmiko:write_channel: b'N\n'
DEBUG:netmiko:read_channel: N
DEBUG:netmiko:Clear buffer detects data in the channel
DEBUG:netmiko:read_channel: 
                        ^
Error:Incomplete command found at '^' position.
<CE-CRT-E01-BKB-SW001>
DEBUG:netmiko:Clear buffer detects data in the channel
DEBUG:netmiko:read_channel: 
DEBUG:netmiko:read_channel: 
DEBUG:netmiko:read_channel: 
DEBUG:netmiko:write_channel: b'\n'
DEBUG:netmiko:read_channel: 
<CE-CRT-E01-BKB-SW001>
DEBUG:netmiko:read_channel: 
DEBUG:netmiko:read_channel: 
DEBUG:netmiko:read_channel: 
DEBUG:netmiko:write_channel: b'\n'
DEBUG:netmiko:read_channel: 
<CE-CRT-E01-BKB-SW001>
DEBUG:netmiko:prompt: CE-CRT-E01-BKB-SW001
DEBUG:netmiko:In disable_paging
DEBUG:netmiko:Command: screen-length 0 temporary

DEBUG:netmiko:write_channel: b'screen-length 0 temporary\n'
DEBUG:netmiko:Pattern is: screen\-length\ 0\ temporary
DEBUG:netmiko:_read_channel_expect read_data: s
DEBUG:netmiko:_read_channel_expect read_data: creen-l
DEBUG:netmiko:_read_channel_expect read_data: ength 0
DEBUG:netmiko:_read_channel_expect read_data:  tempo
DEBUG:netmiko:_read_channel_expect read_data: rary
Info: The configuration takes effect on the current user terminal interface only.
DEBUG:netmiko:Pattern found: screen\-length\ 0\ temporary screen-length 0 temporary
Info: The configuration takes effect on the current user terminal interface only.
DEBUG:netmiko:screen-length 0 temporary
Info: The configuration takes effect on the current user terminal interface only.
DEBUG:netmiko:Exiting disable_paging
DEBUG:netmiko:read_channel: 
<CE-CRT-E01-BKB-SW001>
DEBUG:netmiko:Clear buffer detects data in the channel
DEBUG:netmiko:read_channel: 
DEBUG:netmiko:read_channel: 
DEBUG:netmiko:write_channel: b'\n'
DEBUG:netmiko:read_channel: 
<CE-CRT-E01-BKB-SW001>
DEBUG:netmiko:read_channel: 
DEBUG:netmiko:[find_prompt()]: prompt is <CE-CRT-E01-BKB-SW001>
DEBUG:netmiko:write_channel: b'\n'
DEBUG:netmiko:read_channel: 
<CE-CRT-E01-BKB-SW001>
DEBUG:netmiko:read_channel: 
DEBUG:netmiko:read_channel: 
DEBUG:netmiko:write_channel: b'system-view\n'
DEBUG:netmiko:Pattern is: system\-view
DEBUG:netmiko:_read_channel_expect read_data: s
DEBUG:netmiko:_read_channel_expect read_data: ystem-v
DEBUG:netmiko:_read_channel_expect read_data: iew
Enter system view, return user view with Ctrl+Z.
[CE-CRT-E01-BKB-SW001]
DEBUG:netmiko:Pattern found: system\-view system-view
Enter system view, return user view with Ctrl+Z.
[CE-CRT-E01-BKB-SW001]
DEBUG:netmiko:write_channel: b'\n'
DEBUG:netmiko:read_channel: 
[CE-CRT-E01-BKB-SW001]
DEBUG:netmiko:read_channel: 
DEBUG:netmiko:read_channel: 
DEBUG:netmiko:write_channel: b'snmp-agent udp-port 1026\ny\n'
DEBUG:netmiko:Pattern is: snmp\-agent\ udp\-port\ 1026\
y
DEBUG:netmiko:_read_channel_expect read_data: s
DEBUG:netmiko:_read_channel_expect read_data: nmp-age
DEBUG:netmiko:_read_channel_expect read_data: nt udp-
DEBUG:netmiko:_read_channel_expect read_data: port 10
DEBUG:netmiko:_read_channel_expect read_data: 26
DEBUG:netmiko:_read_channel_expect read_data: 
Info: The port is already bound to SNMP agent.
DEBUG:netmiko:_read_channel_expect read_data: 
[CE-CRT-E01-BKB-SW001]y
DEBUG:netmiko:_read_channel_expect read_data: 
                      ^
Error: Unrecognized command found at '^' position.
[CE-CRT-E01-BKB-SW001]
DEBUG:paramiko.transport:starting thread (client mode): 0x16d7d9a0
DEBUG:paramiko.transport:Local version/idstring: SSH-2.0-paramiko_2.6.0
DEBUG:paramiko.transport:Remote version/idstring: SSH-2.0--
INFO:paramiko.transport:Connected (version 2.0, client -)
DEBUG:paramiko.transport:kex algos:['diffie-hellman-group16-sha512', 'diffie-hellman-group15-sha512', 'diffie-hellman-group14-sha256', 'diffie-hellman-group-exchange-sha256', 'diffie-hellman-group-exchange-sha1', 'diffie-hellman-group14-sha1'] server key:['ecdsa-sha2-nistp521', 'ssh-dss', 'ssh-rsa'] client encrypt:['aes256-ctr', 'aes128-ctr', 'aes256-cbc', 'aes128-cbc', '3des-cbc'] server encrypt:['aes256-ctr', 'aes128-ctr', 'aes256-cbc', 'aes128-cbc', '3des-cbc'] client mac:['hmac-sha2-256', 'hmac-sha2-256-96', 'hmac-sha1', 'hmac-sha1-96', 'hmac-md5', 'hmac-md5-96'] server mac:['hmac-sha2-256', 'hmac-sha2-256-96', 'hmac-sha1', 'hmac-sha1-96', 'hmac-md5', 'hmac-md5-96'] client compress:['none', 'zlib'] server compress:['none', 'zlib'] client lang:[''] server lang:[''] kex follows?False
DEBUG:paramiko.transport:Kex agreed: diffie-hellman-group16-sha512
DEBUG:paramiko.transport:HostKey agreed: ecdsa-sha2-nistp521
DEBUG:paramiko.transport:Cipher agreed: aes128-ctr
DEBUG:paramiko.transport:MAC agreed: hmac-sha2-256
DEBUG:paramiko.transport:Compression agreed: none
DEBUG:paramiko.transport:kex engine KexGroup16SHA512 specified hash_algo <built-in function openssl_sha512>
DEBUG:paramiko.transport:Switch to new keys ...
DEBUG:paramiko.transport:Adding ecdsa-sha2-nistp521 host key for 10.165.240.214: b'9054e46ee78a2cd48af03a6582251a2e'
DEBUG:paramiko.transport:userauth is OK
INFO:paramiko.transport:Authentication (password) successful!
DEBUG:paramiko.transport:[chan 0] Max packet in: 32768 bytes
DEBUG:paramiko.transport:[chan 0] Max packet out: 32768 bytes
DEBUG:paramiko.transport:Secsh channel 0 opened.
DEBUG:paramiko.transport:[chan 0] Sesch channel 0 request ok
DEBUG:paramiko.transport:[chan 0] Sesch channel 0 request ok
DEBUG:netmiko:Pattern is: ((Change now|Please choose))|([\]>]\s*$)
DEBUG:netmiko:_read_channel_expect read_data: 
Info: The max number of VTY users is 10, and the number
      of current VTY users on line is 1.
DEBUG:netmiko:_read_channel_expect read_data: 
      The current login time is 2021-07-30 10:03:48-03:00.
Info: Smart-upgrade is currently disabled. Enable Smart-upgrade to get recommended version information.
<CE-CRT-E01-BKB-SW001>
DEBUG:netmiko:Pattern found: ((Change now|Please choose))|([\]>]\s*$) 
Info: The max number of VTY users is 10, and the number
      of current VTY users on line is 1.
      The current login time is 2021-07-30 10:03:48-03:00.
Info: Smart-upgrade is currently disabled. Enable Smart-upgrade to get recommended version information.
<CE-CRT-E01-BKB-SW001>
DEBUG:netmiko:write_channel: b'N\n'
DEBUG:netmiko:read_channel: N

DEBUG:netmiko:Clear buffer detects data in the channel
DEBUG:netmiko:read_channel:                         ^
Error:Incomplete command found at '^' position.
<CE-CRT-E01-BKB-SW001>
DEBUG:netmiko:Clear buffer detects data in the channel
DEBUG:netmiko:read_channel: 
DEBUG:netmiko:read_channel: 
DEBUG:netmiko:read_channel: 
DEBUG:netmiko:write_channel: b'\n'
DEBUG:netmiko:read_channel: 
<CE-CRT-E01-BKB-SW001>
DEBUG:netmiko:read_channel: 
DEBUG:netmiko:read_channel: 
DEBUG:netmiko:read_channel: 
DEBUG:netmiko:write_channel: b'\n'
DEBUG:netmiko:read_channel: 
<CE-CRT-E01-BKB-SW001>
DEBUG:netmiko:prompt: CE-CRT-E01-BKB-SW001
DEBUG:netmiko:In disable_paging
DEBUG:netmiko:Command: screen-length 0 temporary

DEBUG:netmiko:write_channel: b'screen-length 0 temporary\n'
DEBUG:netmiko:Pattern is: screen\-length\ 0\ temporary
DEBUG:netmiko:_read_channel_expect read_data: s
DEBUG:netmiko:_read_channel_expect read_data: creen-le
DEBUG:netmiko:_read_channel_expect read_data: ngth 0 
DEBUG:netmiko:_read_channel_expect read_data: tempora
DEBUG:netmiko:_read_channel_expect read_data: ry
Info: The configuration takes effect on the current user terminal interface only.
<CE-CRT-E01-BKB-SW001>
DEBUG:netmiko:Pattern found: screen\-length\ 0\ temporary screen-length 0 temporary
Info: The configuration takes effect on the current user terminal interface only.
<CE-CRT-E01-BKB-SW001>
DEBUG:netmiko:screen-length 0 temporary
Info: The configuration takes effect on the current user terminal interface only.
<CE-CRT-E01-BKB-SW001>
DEBUG:netmiko:Exiting disable_paging
DEBUG:netmiko:read_channel: 
DEBUG:netmiko:read_channel: 
DEBUG:netmiko:write_channel: b'\n'
DEBUG:netmiko:read_channel: 
<CE-CRT-E01-BKB-SW001>
DEBUG:netmiko:read_channel: 
DEBUG:netmiko:[find_prompt()]: prompt is <CE-CRT-E01-BKB-SW001>
DEBUG:netmiko:write_channel: b'\n'
DEBUG:netmiko:read_channel: 
<CE-CRT-E01-BKB-SW001>
DEBUG:netmiko:read_channel: 
DEBUG:netmiko:read_channel: 
DEBUG:netmiko:write_channel: b'system-view\n'
DEBUG:netmiko:Pattern is: system\-view
DEBUG:netmiko:_read_channel_expect read_data: s
DEBUG:netmiko:_read_channel_expect read_data: ystem-vi
DEBUG:netmiko:_read_channel_expect read_data: ew
Enter system view, return user view with Ctrl+Z.
[CE-CRT-E01-BKB-SW001]
DEBUG:netmiko:Pattern found: system\-view system-view
Enter system view, return user view with Ctrl+Z.
[CE-CRT-E01-BKB-SW001]
DEBUG:netmiko:write_channel: b'\n'
DEBUG:netmiko:read_channel: 
[CE-CRT-E01-BKB-SW001]
DEBUG:netmiko:read_channel: 
DEBUG:netmiko:read_channel: 
DEBUG:netmiko:write_channel: b'snmp-agent udp-port 1026\ny\n'
DEBUG:netmiko:Pattern is: snmp\-agent\ udp\-port\ 1026\
y
DEBUG:netmiko:_read_channel_expect read_data: s
DEBUG:netmiko:_read_channel_expect read_data: nmp-agen
DEBUG:netmiko:_read_channel_expect read_data: t udp-p
DEBUG:netmiko:_read_channel_expect read_data: ort 10
DEBUG:netmiko:_read_channel_expect read_data: 26
DEBUG:netmiko:_read_channel_expect read_data: 
Info: The port is already bound to SNMP agent.
DEBUG:netmiko:_read_channel_expect read_data: 
[CE-CRT-E01-BKB-SW001]y
DEBUG:netmiko:_read_channel_expect read_data: 
                      ^
Error: Unrecognized command found at '^' position.
[CE-CRT-E01-BKB-SW001]
DEBUG:paramiko.transport:starting thread (client mode): 0x436e49a0
DEBUG:paramiko.transport:Local version/idstring: SSH-2.0-paramiko_2.6.0
DEBUG:paramiko.transport:Remote version/idstring: SSH-2.0--
INFO:paramiko.transport:Connected (version 2.0, client -)
DEBUG:paramiko.transport:kex algos:['diffie-hellman-group16-sha512', 'diffie-hellman-group15-sha512', 'diffie-hellman-group14-sha256', 'diffie-hellman-group-exchange-sha256', 'diffie-hellman-group-exchange-sha1', 'diffie-hellman-group14-sha1'] server key:['ecdsa-sha2-nistp521', 'ssh-dss', 'ssh-rsa'] client encrypt:['aes256-ctr', 'aes128-ctr', 'aes256-cbc', 'aes128-cbc', '3des-cbc'] server encrypt:['aes256-ctr', 'aes128-ctr', 'aes256-cbc', 'aes128-cbc', '3des-cbc'] client mac:['hmac-sha2-256', 'hmac-sha2-256-96', 'hmac-sha1', 'hmac-sha1-96', 'hmac-md5', 'hmac-md5-96'] server mac:['hmac-sha2-256', 'hmac-sha2-256-96', 'hmac-sha1', 'hmac-sha1-96', 'hmac-md5', 'hmac-md5-96'] client compress:['none', 'zlib'] server compress:['none', 'zlib'] client lang:[''] server lang:[''] kex follows?False
DEBUG:paramiko.transport:Kex agreed: diffie-hellman-group16-sha512
DEBUG:paramiko.transport:HostKey agreed: ecdsa-sha2-nistp521
DEBUG:paramiko.transport:Cipher agreed: aes128-ctr
DEBUG:paramiko.transport:MAC agreed: hmac-sha2-256
DEBUG:paramiko.transport:Compression agreed: none
DEBUG:paramiko.transport:kex engine KexGroup16SHA512 specified hash_algo <built-in function openssl_sha512>
DEBUG:paramiko.transport:Switch to new keys ...
DEBUG:paramiko.transport:Adding ecdsa-sha2-nistp521 host key for 10.165.240.214: b'9054e46ee78a2cd48af03a6582251a2e'
DEBUG:paramiko.transport:userauth is OK
INFO:paramiko.transport:Authentication (password) successful!
DEBUG:paramiko.transport:[chan 0] Max packet in: 32768 bytes
DEBUG:paramiko.transport:[chan 0] Max packet out: 32768 bytes
DEBUG:paramiko.transport:Secsh channel 0 opened.
DEBUG:paramiko.transport:[chan 0] Sesch channel 0 request ok
DEBUG:paramiko.transport:[chan 0] Sesch channel 0 request ok
DEBUG:netmiko:Pattern is: ((Change now|Please choose))|([\]>]\s*$)
DEBUG:netmiko:_read_channel_expect read_data: 
Info: The max number of VTY users is 10, and the number
      of current VTY users on line is 1.
DEBUG:netmiko:_read_channel_expect read_data: 
      The current login time is 2021-07-30 10:04:41-03:00.
Info: Smart-upgrade is currently disabled. Enable Smart-upgrade to get recommended version information.
<CE-CRT-E01-BKB-SW001>
DEBUG:netmiko:Pattern found: ((Change now|Please choose))|([\]>]\s*$) 
Info: The max number of VTY users is 10, and the number
      of current VTY users on line is 1.
      The current login time is 2021-07-30 10:04:41-03:00.
Info: Smart-upgrade is currently disabled. Enable Smart-upgrade to get recommended version information.
<CE-CRT-E01-BKB-SW001>
DEBUG:netmiko:write_channel: b'N\n'
DEBUG:netmiko:read_channel: N

DEBUG:netmiko:Clear buffer detects data in the channel
DEBUG:netmiko:read_channel:                         ^
Error:Incomplete command found at '^' position.
<CE-CRT-E01-BKB-SW001>
DEBUG:netmiko:Clear buffer detects data in the channel
DEBUG:netmiko:read_channel: 
DEBUG:netmiko:read_channel: 
DEBUG:netmiko:read_channel: 
DEBUG:netmiko:write_channel: b'\n'
DEBUG:netmiko:read_channel: 
<CE-CRT-E01-BKB-SW001>
DEBUG:netmiko:read_channel: 
DEBUG:netmiko:read_channel: 
DEBUG:netmiko:read_channel: 
DEBUG:netmiko:write_channel: b'\n'
DEBUG:netmiko:read_channel: 
<CE-CRT-E01-BKB-SW001>
DEBUG:netmiko:prompt: CE-CRT-E01-BKB-SW001
DEBUG:netmiko:In disable_paging
DEBUG:netmiko:Command: screen-length 0 temporary

DEBUG:netmiko:write_channel: b'screen-length 0 temporary\n'
DEBUG:netmiko:Pattern is: screen\-length\ 0\ temporary
DEBUG:netmiko:_read_channel_expect read_data: s
DEBUG:netmiko:_read_channel_expect read_data: creen-l
DEBUG:netmiko:_read_channel_expect read_data: ength 0
DEBUG:netmiko:_read_channel_expect read_data:  tempor
DEBUG:netmiko:_read_channel_expect read_data: ary
Info: The configuration takes effect on the current user terminal interface only.
<CE-CRT-E01-BKB-SW001>
DEBUG:netmiko:Pattern found: screen\-length\ 0\ temporary screen-length 0 temporary
Info: The configuration takes effect on the current user terminal interface only.
<CE-CRT-E01-BKB-SW001>
DEBUG:netmiko:screen-length 0 temporary
Info: The configuration takes effect on the current user terminal interface only.
<CE-CRT-E01-BKB-SW001>
DEBUG:netmiko:Exiting disable_paging
DEBUG:netmiko:read_channel: 
DEBUG:netmiko:read_channel: 
DEBUG:netmiko:write_channel: b'\n'
DEBUG:netmiko:read_channel: 
<CE-CRT-E01-BKB-SW001>
DEBUG:netmiko:read_channel: 
DEBUG:netmiko:[find_prompt()]: prompt is <CE-CRT-E01-BKB-SW001>
DEBUG:netmiko:write_channel: b'\n'
DEBUG:netmiko:read_channel: 
<CE-CRT-E01-BKB-SW001>
DEBUG:netmiko:read_channel: 
DEBUG:netmiko:read_channel: 
DEBUG:netmiko:write_channel: b'system-view\n'
DEBUG:netmiko:Pattern is: system\-view
DEBUG:netmiko:_read_channel_expect read_data: s
DEBUG:netmiko:_read_channel_expect read_data: ystem-v
DEBUG:netmiko:_read_channel_expect read_data: iew
Enter system view, return user view with Ctrl+Z.
[CE-CRT-E01-BKB-SW001]
DEBUG:netmiko:Pattern found: system\-view system-view
Enter system view, return user view with Ctrl+Z.
[CE-CRT-E01-BKB-SW001]
DEBUG:netmiko:write_channel: b'\n'
DEBUG:netmiko:read_channel: 
[CE-CRT-E01-BKB-SW001]
DEBUG:netmiko:read_channel: 
DEBUG:netmiko:read_channel: 
DEBUG:netmiko:write_channel: b'snmp-agent udp-port 1026\ny\n'
DEBUG:netmiko:Pattern is: snmp\-agent\ udp\-port\ 1026\
y
DEBUG:netmiko:_read_channel_expect read_data: s
DEBUG:netmiko:_read_channel_expect read_data: nmp-age
DEBUG:netmiko:_read_channel_expect read_data: nt udp-
DEBUG:netmiko:_read_channel_expect read_data: port 10
DEBUG:netmiko:_read_channel_expect read_data: 26
DEBUG:netmiko:_read_channel_expect read_data: 
Info: The port is already bound to SNMP agent.
DEBUG:netmiko:_read_channel_expect read_data: 
[CE-CRT-E01-BKB-SW001]y
DEBUG:netmiko:_read_channel_expect read_data: 
                      ^
Error: Unrecognized command found at '^' position.
DEBUG:netmiko:_read_channel_expect read_data: 
[CE-CRT-E01-BKB-SW001]
